npm verb cli [
npm verb cli   '/Users/abhishekkumar/.nvm/versions/node/v16.18.1/bin/node',
npm verb cli   '/Users/abhishekkumar/.nvm/versions/node/v16.18.1/bin/npm',
npm verb cli   'install',
npm verb cli   '--legacy-peer-deps',
npm verb cli   '--loglevel',
npm verb cli   'verbose'
npm verb cli ]
npm info using npm@8.3.0
npm info using node@v16.18.1
npm timing npm:load:whichnode Completed in 1ms
npm timing config:load:defaults Completed in 1ms
npm timing config:load:file:/Users/abhishekkumar/.nvm/versions/node/v16.18.1/lib/node_modules/npm/npmrc Completed in 1ms
npm timing config:load:builtin Completed in 2ms
npm timing config:load:cli Completed in 1ms
npm timing config:load:env Completed in 1ms
npm timing config:load:file:/Users/abhishekkumar/GitHub_Repos/Anamaya/frontend/tmpBstackPackages/.npmrc Completed in 3ms
npm timing config:load:project Completed in 6ms
npm timing config:load:file:/Users/abhishekkumar/.npmrc Completed in 4ms
npm timing config:load:user Completed in 4ms
npm timing config:load:file:/Users/abhishekkumar/.nvm/versions/node/v16.18.1/etc/npmrc Completed in 0ms
npm timing config:load:global Completed in 0ms
npm timing config:load:validate Completed in 1ms
npm timing config:load:credentials Completed in 0ms
npm timing config:load:setEnvs Completed in 0ms
npm timing config:load Completed in 18ms
npm timing npm:load:configload Completed in 18ms
npm timing npm:load:setTitle Completed in 7ms
npm timing config:load:flatten Completed in 2ms
npm timing npm:load:display Completed in 5ms
npm verb logfile /Users/abhishekkumar/.npm/_logs/2024-01-05T10_28_20_380Z-debug-0.log
npm timing npm:load:logFile Completed in 3ms
npm timing npm:load:timers Completed in 0ms
npm timing npm:load:configScope Completed in 0ms
npm timing npm:load Completed in 35ms
npm timing arborist:ctor Completed in 0ms
npm timing arborist:ctor Completed in 1ms
npm timing idealTree:init Completed in 8ms
npm timing idealTree:userRequests Completed in 0ms
npm http fetch GET 200 https://registry.npmjs.org/browserstack-cypress-cli 9ms (cache hit)
npm http fetch GET 200 https://registry.npmjs.org/cypress 4ms (cache hit)
npm http fetch GET 200 https://registry.npmjs.org/archiver 84ms (cache hit)
npm http fetch GET 200 https://registry.npmjs.org/async 85ms (cache hit)
npm http fetch GET 200 https://registry.npmjs.org/browserstack-local 86ms (cache hit)
npm http fetch GET 200 https://registry.npmjs.org/getmac 86ms (cache hit)
npm http fetch GET 200 https://registry.npmjs.org/chalk 88ms (cache hit)
npm http fetch GET 200 https://registry.npmjs.org/node-ipc 87ms (cache hit)
npm http fetch GET 200 https://registry.npmjs.org/table 87ms (cache hit)
npm http fetch GET 200 https://registry.npmjs.org/update-notifier 89ms (cache hit)
npm http fetch GET 200 https://registry.npmjs.org/mocha 91ms (cache hit)
npm http fetch GET 200 https://registry.npmjs.org/cli-progress 96ms (cache hit)
npm http fetch GET 200 https://registry.npmjs.org/winston 93ms (cache hit)
npm http fetch GET 200 https://registry.npmjs.org/uuid 95ms (cache hit)
npm http fetch GET 200 https://registry.npmjs.org/@cypress%2frequest 94ms (cache hit)
npm http fetch GET 200 https://registry.npmjs.org/windows-release 96ms (cache hit)
npm http fetch GET 200 https://registry.npmjs.org/@cypress%2fxvfb 95ms (cache hit)
npm http fetch GET 200 https://registry.npmjs.org/git-last-commit 99ms (cache hit)
npm http fetch GET 200 https://registry.npmjs.org/decompress 96ms (cache hit)
npm http fetch GET 200 https://registry.npmjs.org/@types%2fsinonjs__fake-timers 94ms (cache hit)
npm http fetch GET 200 https://registry.npmjs.org/fs-extra 103ms (cache hit)
npm http fetch GET 200 https://registry.npmjs.org/blob-util 96ms (cache hit)
npm http fetch GET 200 https://registry.npmjs.org/cli-cursor 94ms (cache hit)
npm http fetch GET 200 https://registry.npmjs.org/request 104ms (cache hit)
npm http fetch GET 200 https://registry.npmjs.org/arch 100ms (cache hit)
npm http fetch GET 200 https://registry.npmjs.org/cachedir 97ms (cache hit)
npm http fetch GET 200 https://registry.npmjs.org/check-more-types 97ms (cache hit)
npm http fetch GET 200 https://registry.npmjs.org/@types%2fsizzle 102ms (cache hit)
npm http fetch GET 200 https://registry.npmjs.org/common-tags 97ms (cache hit)
npm http fetch GET 200 https://registry.npmjs.org/yargs 106ms (cache hit)
npm http fetch GET 200 https://registry.npmjs.org/buffer 102ms (cache hit)
npm http fetch GET 200 https://registry.npmjs.org/cli-table3 103ms (cache hit)
npm http fetch GET 200 https://registry.npmjs.org/bluebird 104ms (cache hit)
npm http fetch GET 200 https://registry.npmjs.org/enquirer 102ms (cache hit)
npm http fetch GET 200 https://registry.npmjs.org/glob 115ms (cache hit)
npm http fetch GET 200 https://registry.npmjs.org/debug 105ms (cache hit)
npm http fetch GET 200 https://registry.npmjs.org/commander 108ms (cache hit)
npm http fetch GET 200 https://registry.npmjs.org/figures 105ms (cache hit)
npm http fetch GET 200 https://registry.npmjs.org/is-installed-globally 103ms (cache hit)
npm http fetch GET 200 https://registry.npmjs.org/git-repo-info 121ms (cache hit)
npm http fetch GET 200 https://registry.npmjs.org/eventemitter2 108ms (cache hit)
npm http fetch GET 200 https://registry.npmjs.org/requestretry 121ms (cache hit)
npm http fetch GET 200 https://registry.npmjs.org/getos 107ms (cache hit)
npm http fetch GET 200 https://registry.npmjs.org/execa 109ms (cache hit)
npm http fetch GET 200 https://registry.npmjs.org/lodash 105ms (cache hit)
npm http fetch GET 200 https://registry.npmjs.org/executable 110ms (cache hit)
npm http fetch GET 200 https://registry.npmjs.org/log-symbols 106ms (cache hit)
npm http fetch GET 200 https://registry.npmjs.org/listr2 109ms (cache hit)
npm http fetch GET 200 https://registry.npmjs.org/pretty-bytes 111ms (cache hit)
npm http fetch GET 200 https://registry.npmjs.org/gitconfiglocal 131ms (cache hit)
npm http fetch GET 200 https://registry.npmjs.org/is-ci 116ms (cache hit)
npm http fetch GET 200 https://registry.npmjs.org/ospath 112ms (cache hit)
npm http fetch GET 200 https://registry.npmjs.org/request-progress 112ms (cache hit)
npm http fetch GET 200 https://registry.npmjs.org/dayjs 124ms (cache hit)
npm http fetch GET 200 https://registry.npmjs.org/minimist 118ms (cache hit)
npm http fetch GET 200 https://registry.npmjs.org/semver 117ms (cache hit)
npm http fetch GET 200 https://registry.npmjs.org/supports-color 118ms (cache hit)
npm http fetch GET 200 https://registry.npmjs.org/tmp 120ms (cache hit)
npm http fetch GET 200 https://registry.npmjs.org/process 121ms (cache hit)
npm http fetch GET 200 https://registry.npmjs.org/untildify 120ms (cache hit)
npm http fetch GET 200 https://registry.npmjs.org/proxy-from-env 122ms (cache hit)
npm http fetch GET 200 https://registry.npmjs.org/extract-zip 127ms (cache hit)
npm http fetch GET 200 https://registry.npmjs.org/mkdirp 141ms (cache hit)
npm http fetch GET 200 https://registry.npmjs.org/yauzl 121ms (cache hit)
npm http fetch GET 200 https://registry.npmjs.org/lazy-ass 126ms (cache hit)
npm http fetch GET 200 https://registry.npmjs.org/@types%2fnode 146ms (cache hit)
npm timing idealTree:#root Completed in 194ms
npm http fetch GET 200 https://registry.npmjs.org/archiver-utils 128ms (cache hit)
npm http fetch GET 200 https://registry.npmjs.org/readdir-glob 128ms (cache hit)
npm http fetch GET 200 https://registry.npmjs.org/decompress-tar 124ms (cache hit)
npm http fetch GET 200 https://registry.npmjs.org/https-proxy-agent 128ms (cache hit)
npm http fetch GET 200 https://registry.npmjs.org/temp-fs 128ms (cache hit)
npm http fetch GET 200 https://registry.npmjs.org/decompress-targz 125ms (cache hit)
npm http fetch GET 200 https://registry.npmjs.org/agent-base 128ms (cache hit)
npm http fetch GET 200 https://registry.npmjs.org/buffer-crc32 131ms (cache hit)
npm http fetch GET 200 https://registry.npmjs.org/string-width 127ms (cache hit)
npm http fetch GET 200 https://registry.npmjs.org/ps-tree 130ms (cache hit)
npm http fetch GET 200 https://registry.npmjs.org/is-running 130ms (cache hit)
npm http fetch GET 200 https://registry.npmjs.org/graceful-fs 126ms (cache hit)
npm http fetch GET 200 https://registry.npmjs.org/pify 127ms (cache hit)
npm http fetch GET 200 https://registry.npmjs.org/decompress-tarbz2 128ms (cache hit)
npm http fetch GET 200 https://registry.npmjs.org/jsonfile 126ms (cache hit)
npm http fetch GET 200 https://registry.npmjs.org/ini 126ms (cache hit)
npm http fetch GET 200 https://registry.npmjs.org/decompress-unzip 128ms (cache hit)
npm http fetch GET 200 https://registry.npmjs.org/universalify 127ms (cache hit)
npm http fetch GET 200 https://registry.npmjs.org/inherits 126ms (cache hit)
npm http fetch GET 200 https://registry.npmjs.org/inflight 127ms (cache hit)
npm http fetch GET 200 https://registry.npmjs.org/zip-stream 134ms (cache hit)
npm http fetch GET 200 https://registry.npmjs.org/fs.realpath 128ms (cache hit)
npm http fetch GET 200 https://registry.npmjs.org/strip-dirs 129ms (cache hit)
npm http fetch GET 200 https://registry.npmjs.org/ansi-colors 127ms (cache hit)
npm http fetch GET 200 https://registry.npmjs.org/diff 126ms (cache hit)
npm http fetch GET 200 https://registry.npmjs.org/minimatch 129ms (cache hit)
npm http fetch GET 200 https://registry.npmjs.org/escape-string-regexp 128ms (cache hit)
npm http fetch GET 200 https://registry.npmjs.org/make-dir 133ms (cache hit)
npm http fetch GET 200 https://registry.npmjs.org/once 130ms (cache hit)
npm http fetch GET 200 https://registry.npmjs.org/path-is-absolute 130ms (cache hit)
npm http fetch GET 200 https://registry.npmjs.org/browser-stdout 130ms (cache hit)
npm http fetch GET 200 https://registry.npmjs.org/nanoid 127ms (cache hit)
npm http fetch GET 200 https://registry.npmjs.org/find-up 131ms (cache hit)
npm http fetch GET 200 https://registry.npmjs.org/tar-stream 141ms (cache hit)
npm http fetch GET 200 https://registry.npmjs.org/he 131ms (cache hit)
npm http fetch GET 200 https://registry.npmjs.org/serialize-javascript 129ms (cache hit)
npm http fetch GET 200 https://registry.npmjs.org/js-yaml 132ms (cache hit)
npm http fetch GET 200 https://registry.npmjs.org/yargs-parser 127ms (cache hit)
npm http fetch GET 200 https://registry.npmjs.org/ms 133ms (cache hit)
npm http fetch GET 200 https://registry.npmjs.org/js-message 128ms (cache hit)
npm http fetch GET 200 https://registry.npmjs.org/chokidar 136ms (cache hit)
npm http fetch GET 200 https://registry.npmjs.org/event-pubsub 129ms (cache hit)
npm http fetch GET 200 https://registry.npmjs.org/extend 116ms (cache hit)
npm http fetch GET 200 https://registry.npmjs.org/workerpool 133ms (cache hit)
npm http fetch GET 200 https://registry.npmjs.org/aws4 128ms (cache hit)
npm http fetch GET 200 https://registry.npmjs.org/is-typedarray 114ms (cache hit)
npm http fetch GET 200 https://registry.npmjs.org/js-queue 130ms (cache hit)
npm http fetch GET 200 https://registry.npmjs.org/combined-stream 122ms (cache hit)
npm http fetch GET 200 https://registry.npmjs.org/har-validator 114ms (cache hit)
npm http fetch GET 200 https://registry.npmjs.org/json-stringify-safe 114ms (cache hit)
npm http fetch GET 200 https://registry.npmjs.org/oauth-sign 114ms (cache hit)
npm http fetch GET 200 https://registry.npmjs.org/aws-sign2 131ms (cache hit)
npm http fetch GET 200 https://registry.npmjs.org/form-data 119ms (cache hit)
npm http fetch GET 200 https://registry.npmjs.org/isstream 116ms (cache hit)
npm http fetch GET 200 https://registry.npmjs.org/tough-cookie 114ms (cache hit)
npm http fetch GET 200 https://registry.npmjs.org/caseless 129ms (cache hit)
npm http fetch GET 200 https://registry.npmjs.org/qs 116ms (cache hit)
npm http fetch GET 200 https://registry.npmjs.org/mime-types 118ms (cache hit)
npm http fetch GET 200 https://registry.npmjs.org/ajv 115ms (cache hit)
npm http fetch GET 200 https://registry.npmjs.org/forever-agent 130ms (cache hit)
npm http fetch GET 200 https://registry.npmjs.org/slice-ansi 121ms (cache hit)
npm http fetch GET 200 https://registry.npmjs.org/performance-now 125ms (cache hit)
npm http fetch GET 200 https://registry.npmjs.org/http-signature 128ms (cache hit)
npm http fetch GET 200 https://registry.npmjs.org/configstore 121ms (cache hit)
npm http fetch GET 200 https://registry.npmjs.org/readable-stream 164ms (cache hit)
npm http fetch GET 200 https://registry.npmjs.org/latest-version 123ms (cache hit)
npm http fetch GET 200 https://registry.npmjs.org/has-yarn 124ms (cache hit)
npm http fetch GET 200 https://registry.npmjs.org/import-lazy 124ms (cache hit)
npm http fetch GET 200 https://registry.npmjs.org/xdg-basedir 123ms (cache hit)
npm http fetch GET 200 https://registry.npmjs.org/is-yarn-global 124ms (cache hit)
npm http fetch GET 200 https://registry.npmjs.org/boxen 126ms (cache hit)
npm http fetch GET 200 https://registry.npmjs.org/safe-buffer 131ms (cache hit)
npm http fetch GET 200 https://registry.npmjs.org/colors 124ms (cache hit)
npm http fetch GET 200 https://registry.npmjs.org/eyes 123ms (cache hit)
npm http fetch GET 200 https://registry.npmjs.org/cycle 123ms (cache hit)
npm http fetch GET 200 https://registry.npmjs.org/strip-json-comments 154ms (cache hit)
npm http fetch GET 200 https://registry.npmjs.org/is-npm 127ms (cache hit)
npm http fetch GET 200 https://registry.npmjs.org/get-caller-file 122ms (cache hit)
npm http fetch GET 200 https://registry.npmjs.org/pupa 126ms (cache hit)
npm http fetch GET 200 https://registry.npmjs.org/decamelize 124ms (cache hit)
npm http fetch GET 200 https://registry.npmjs.org/yargs-unparser 152ms (cache hit)
npm http fetch GET 200 https://registry.npmjs.org/which-module 122ms (cache hit)
npm http fetch GET 200 https://registry.npmjs.org/require-directory 122ms (cache hit)
npm http fetch GET 200 https://registry.npmjs.org/stack-trace 126ms (cache hit)
npm http fetch GET 200 https://registry.npmjs.org/cliui 127ms (cache hit)
npm http fetch GET 200 https://registry.npmjs.org/tunnel-agent 134ms (cache hit)
npm http fetch GET 200 https://registry.npmjs.org/y18n 123ms (cache hit)
npm http fetch GET 200 https://registry.npmjs.org/semver-diff 129ms (cache hit)
npm http fetch GET 200 https://registry.npmjs.org/ansi-styles 169ms (cache hit)
npm http fetch GET 200 https://registry.npmjs.org/require-main-filename 125ms (cache hit)
npm http fetch GET 200 https://registry.npmjs.org/set-blocking 125ms (cache hit)
npm timing idealTree:node_modules/browserstack-cypress-cli Completed in 190ms
npm http fetch GET 200 https://registry.npmjs.org/lazystream 15ms (cache hit)
npm http fetch GET 200 https://registry.npmjs.org/lodash.defaults 15ms (cache hit)
npm http fetch GET 200 https://registry.npmjs.org/string_decoder 14ms (cache hit)
npm http fetch GET 200 https://registry.npmjs.org/lodash.difference 15ms (cache hit)
npm http fetch GET 200 https://registry.npmjs.org/util-deprecate 13ms (cache hit)
npm http fetch GET 200 https://registry.npmjs.org/lodash.union 14ms (cache hit)
npm http fetch GET 200 https://registry.npmjs.org/lodash.flatten 15ms (cache hit)
npm http fetch GET 200 https://registry.npmjs.org/normalize-path 15ms (cache hit)
npm http fetch GET 200 https://registry.npmjs.org/bl 14ms (cache hit)
npm http fetch GET 200 https://registry.npmjs.org/fs-constants 14ms (cache hit)
npm http fetch GET 200 https://registry.npmjs.org/compress-commons 14ms (cache hit)
npm http fetch GET 200 https://registry.npmjs.org/lodash.isplainobject 17ms (cache hit)
npm http fetch GET 200 https://registry.npmjs.org/end-of-stream 15ms (cache hit)
npm timing idealTree:node_modules/archiver Completed in 21ms
npm http fetch GET 200 https://registry.npmjs.org/process-nextick-args 5ms (cache hit)
npm http fetch GET 200 https://registry.npmjs.org/core-util-is 5ms (cache hit)
npm http fetch GET 200 https://registry.npmjs.org/isarray 5ms (cache hit)
npm timing idealTree:node_modules/archiver-utils Completed in 9ms
npm timing idealTree:node_modules/async Completed in 0ms
npm http fetch GET 200 https://registry.npmjs.org/event-stream 4ms (cache hit)
npm http fetch GET 200 https://registry.npmjs.org/rimraf 5ms (cache hit)
npm timing idealTree:node_modules/browserstack-local Completed in 7ms
npm timing idealTree:node_modules/agent-base Completed in 0ms
npm timing idealTree:node_modules/buffer-crc32 Completed in 0ms
npm http fetch GET 200 https://registry.npmjs.org/color-convert 2ms (cache hit)
npm http fetch GET 200 https://registry.npmjs.org/has-flag 2ms (cache hit)
npm timing idealTree:node_modules/chalk Completed in 3ms
npm http fetch GET 200 https://registry.npmjs.org/color-name 2ms (cache hit)
npm timing idealTree:node_modules/ansi-styles Completed in 2ms
npm http fetch GET 200 https://registry.npmjs.org/strip-ansi 3ms (cache hit)
npm http fetch GET 200 https://registry.npmjs.org/is-fullwidth-code-point 4ms (cache hit)
npm http fetch GET 200 https://registry.npmjs.org/emoji-regex 4ms (cache hit)
npm timing idealTree:node_modules/cli-progress Completed in 5ms
npm timing idealTree:node_modules/color-convert Completed in 2ms
npm timing idealTree:node_modules/color-name Completed in 0ms
npm http fetch GET 200 https://registry.npmjs.org/lodash.once 38ms (cache hit)
npm http fetch GET 200 https://registry.npmjs.org/cross-spawn 36ms (cache hit)
npm http fetch GET 200 https://registry.npmjs.org/signal-exit 36ms (cache hit)
npm http fetch GET 200 https://registry.npmjs.org/merge-stream 36ms (cache hit)
npm http fetch GET 200 https://registry.npmjs.org/human-signals 37ms (cache hit)
npm http fetch GET 200 https://registry.npmjs.org/undici-types 39ms (cache hit)
npm http fetch GET 200 https://registry.npmjs.org/npm-run-path 37ms (cache hit)
npm http fetch GET 200 https://registry.npmjs.org/global-dirs 35ms (cache hit)
npm http fetch GET 200 https://registry.npmjs.org/ieee754 39ms (cache hit)
npm http fetch GET 200 https://registry.npmjs.org/rfdc 35ms (cache hit)
npm http fetch GET 200 https://registry.npmjs.org/onetime 38ms (cache hit)
npm http fetch GET 200 https://registry.npmjs.org/is-stream 39ms (cache hit)
npm http fetch GET 200 https://registry.npmjs.org/ci-info 36ms (cache hit)
npm http fetch GET 200 https://registry.npmjs.org/@types%2fyauzl 38ms (cache hit)
npm http fetch GET 200 https://registry.npmjs.org/colorette 36ms (cache hit)
npm http fetch GET 200 https://registry.npmjs.org/base64-js 41ms (cache hit)
npm http fetch GET 200 https://registry.npmjs.org/through 36ms (cache hit)
npm http fetch GET 200 https://registry.npmjs.org/get-stream 41ms (cache hit)
npm http fetch GET 200 https://registry.npmjs.org/log-update 37ms (cache hit)
npm http fetch GET 200 https://registry.npmjs.org/is-unicode-supported 37ms (cache hit)
npm http fetch GET 200 https://registry.npmjs.org/rxjs 38ms (cache hit)
npm http fetch GET 200 https://registry.npmjs.org/cli-truncate 43ms (cache hit)
npm http fetch GET 200 https://registry.npmjs.org/@colors%2fcolors 47ms (cache hit)
npm http fetch GET 200 https://registry.npmjs.org/is-path-inside 44ms (cache hit)
npm http fetch GET 200 https://registry.npmjs.org/p-map 43ms (cache hit)
npm http fetch GET 200 https://registry.npmjs.org/restore-cursor 48ms (cache hit)
npm http fetch GET 200 https://registry.npmjs.org/at-least-node 45ms (cache hit)
npm http fetch GET 200 https://registry.npmjs.org/wrap-ansi 43ms (cache hit)
npm http fetch GET 200 https://registry.npmjs.org/strip-final-newline 46ms (cache hit)
npm http fetch GET 200 https://registry.npmjs.org/lru-cache 42ms (cache hit)
npm http fetch GET 200 https://registry.npmjs.org/fd-slicer 42ms (cache hit)
npm http fetch GET 200 https://registry.npmjs.org/throttleit 43ms (cache hit)
npm timing idealTree:node_modules/cypress Completed in 72ms
npm http fetch GET 200 https://registry.npmjs.org/assert-plus 19ms (cache hit)
npm http fetch GET 200 https://registry.npmjs.org/asynckit 21ms (cache hit)
npm http fetch GET 200 https://registry.npmjs.org/sshpk 19ms (cache hit)
npm http fetch GET 200 https://registry.npmjs.org/delayed-stream 22ms (cache hit)
npm http fetch GET 200 https://registry.npmjs.org/jsprim 20ms (cache hit)
npm http fetch GET 200 https://registry.npmjs.org/punycode 19ms (cache hit)
npm http fetch GET 200 https://registry.npmjs.org/psl 19ms (cache hit)
npm http fetch GET 200 https://registry.npmjs.org/side-channel 21ms (cache hit)
npm http fetch GET 200 https://registry.npmjs.org/url-parse 20ms (cache hit)
npm http fetch GET 200 https://registry.npmjs.org/mime-db 21ms (cache hit)
npm timing idealTree:node_modules/@cypress/request Completed in 32ms
npm timing idealTree:node_modules/@cypress/xvfb Completed in 1ms
npm timing idealTree:node_modules/@types/node Completed in 1ms
npm timing idealTree:node_modules/@types/sinonjs__fake-timers Completed in 0ms
npm timing idealTree:node_modules/@types/sizzle Completed in 0ms
npm timing idealTree:node_modules/arch Completed in 0ms
npm timing idealTree:node_modules/aws-sign2 Completed in 0ms
npm timing idealTree:node_modules/aws4 Completed in 0ms
npm timing idealTree:node_modules/blob-util Completed in 0ms
npm timing idealTree:node_modules/bluebird Completed in 0ms
npm timing idealTree:node_modules/buffer Completed in 1ms
npm timing idealTree:node_modules/base64-js Completed in 0ms
npm timing idealTree:node_modules/cachedir Completed in 0ms
npm timing idealTree:node_modules/caseless Completed in 0ms
npm timing idealTree:node_modules/check-more-types Completed in 0ms
npm timing idealTree:node_modules/cli-cursor Completed in 0ms
npm timing idealTree:node_modules/cli-table3 Completed in 1ms
npm timing idealTree:node_modules/@colors/colors Completed in 0ms
npm timing idealTree:node_modules/combined-stream Completed in 0ms
npm timing idealTree:node_modules/commander Completed in 0ms
npm timing idealTree:node_modules/common-tags Completed in 0ms
npm timing idealTree:node_modules/dayjs Completed in 0ms
npm timing idealTree:node_modules/debug Completed in 0ms
npm http fetch GET 200 https://registry.npmjs.org/unbzip2-stream 5ms (cache hit)
npm http fetch GET 200 https://registry.npmjs.org/file-type 6ms (cache hit)
npm http fetch GET 200 https://registry.npmjs.org/seek-bzip 9ms (cache hit)
npm http fetch GET 200 https://registry.npmjs.org/is-natural-number 8ms (cache hit)
npm timing idealTree:node_modules/decompress Completed in 12ms
npm http fetch GET 200 https://registry.npmjs.org/xtend 4ms (cache hit)
npm http fetch GET 200 https://registry.npmjs.org/buffer-alloc 5ms (cache hit)
npm http fetch GET 200 https://registry.npmjs.org/to-buffer 5ms (cache hit)
npm timing idealTree:node_modules/decompress-tar Completed in 7ms
npm timing idealTree:node_modules/decompress-tarbz2 Completed in 2ms
npm timing idealTree:node_modules/decompress-targz Completed in 0ms
npm http fetch GET 200 https://registry.npmjs.org/object-assign 2ms (cache hit)
npm http fetch GET 200 https://registry.npmjs.org/pinkie-promise 3ms (cache hit)
npm timing idealTree:node_modules/decompress-unzip Completed in 4ms
npm timing idealTree:node_modules/delayed-stream Completed in 0ms
npm http fetch GET 200 https://registry.npmjs.org/ansi-regex 1ms (cache hit)
npm timing idealTree:node_modules/enquirer Completed in 3ms
npm timing idealTree:node_modules/ansi-colors Completed in 0ms
npm timing idealTree:node_modules/eventemitter2 Completed in 0ms
npm http fetch GET 200 https://registry.npmjs.org/path-key 5ms (cache hit)
npm http fetch GET 200 https://registry.npmjs.org/which 5ms (cache hit)
npm http fetch GET 200 https://registry.npmjs.org/mimic-fn 5ms (cache hit)
npm http fetch GET 200 https://registry.npmjs.org/shebang-command 5ms (cache hit)
npm http fetch GET 200 https://registry.npmjs.org/pump 5ms (cache hit)
npm timing idealTree:node_modules/execa Completed in 10ms
npm http fetch GET 200 https://registry.npmjs.org/isexe 3ms (cache hit)
npm http fetch GET 200 https://registry.npmjs.org/shebang-regex 3ms (cache hit)
npm timing idealTree:node_modules/cross-spawn Completed in 5ms
npm timing idealTree:node_modules/executable Completed in 0ms
npm timing idealTree:node_modules/extend Completed in 0ms
npm timing idealTree:node_modules/extract-zip Completed in 1ms
npm timing idealTree:node_modules/@types/yauzl Completed in 0ms
npm timing idealTree:node_modules/figures Completed in 0ms
npm timing idealTree:node_modules/escape-string-regexp Completed in 0ms
npm timing idealTree:node_modules/file-type Completed in 0ms
npm timing idealTree:node_modules/forever-agent Completed in 0ms
npm timing idealTree:node_modules/form-data Completed in 0ms
npm timing idealTree:node_modules/asynckit Completed in 0ms
npm timing idealTree:node_modules/fs-extra Completed in 1ms
npm http fetch GET 200 https://registry.npmjs.org/pinkie 1ms (cache hit)
npm timing idealTree:node_modules/get-stream Completed in 3ms
npm timing idealTree:node_modules/getmac Completed in 3ms
npm timing idealTree:node_modules/getos Completed in 0ms
npm timing idealTree:node_modules/git-last-commit Completed in 0ms
npm timing idealTree:node_modules/git-repo-info Completed in 0ms
npm timing idealTree:node_modules/gitconfiglocal Completed in 0ms
npm http fetch GET 200 https://registry.npmjs.org/brace-expansion 2ms (cache hit)
npm http fetch GET 200 https://registry.npmjs.org/wrappy 3ms (cache hit)
npm timing idealTree:node_modules/glob Completed in 6ms
npm timing idealTree:node_modules/fs.realpath Completed in 0ms
npm timing idealTree:node_modules/graceful-fs Completed in 0ms
npm http fetch GET 200 https://registry.npmjs.org/extsprintf 12ms (cache hit)
npm http fetch GET 200 https://registry.npmjs.org/json-schema 12ms (cache hit)
npm http fetch GET 200 https://registry.npmjs.org/getpass 12ms (cache hit)
npm http fetch GET 200 https://registry.npmjs.org/dashdash 12ms (cache hit)
npm http fetch GET 200 https://registry.npmjs.org/asn1 12ms (cache hit)
npm http fetch GET 200 https://registry.npmjs.org/safer-buffer 12ms (cache hit)
npm http fetch GET 200 https://registry.npmjs.org/jsbn 12ms (cache hit)
npm http fetch GET 200 https://registry.npmjs.org/bcrypt-pbkdf 11ms (cache hit)
npm http fetch GET 200 https://registry.npmjs.org/verror 13ms (cache hit)
npm http fetch GET 200 https://registry.npmjs.org/ecc-jsbn 11ms (cache hit)
npm http fetch GET 200 https://registry.npmjs.org/tweetnacl 13ms (cache hit)
npm timing idealTree:node_modules/http-signature Completed in 16ms
npm timing idealTree:node_modules/assert-plus Completed in 0ms
npm timing idealTree:node_modules/https-proxy-agent Completed in 0ms
npm timing idealTree:node_modules/human-signals Completed in 0ms
npm timing idealTree:node_modules/ieee754 Completed in 0ms
npm timing idealTree:node_modules/inflight Completed in 1ms
npm timing idealTree:node_modules/inherits Completed in 0ms
npm timing idealTree:node_modules/ini Completed in 0ms
npm timing idealTree:node_modules/is-ci Completed in 0ms
npm timing idealTree:node_modules/ci-info Completed in 0ms
npm timing idealTree:node_modules/is-installed-globally Completed in 1ms
npm timing idealTree:node_modules/global-dirs Completed in 0ms
npm timing idealTree:node_modules/is-path-inside Completed in 0ms
npm timing idealTree:node_modules/is-running Completed in 0ms
npm timing idealTree:node_modules/is-stream Completed in 0ms
npm timing idealTree:node_modules/is-typedarray Completed in 0ms
npm timing idealTree:node_modules/isstream Completed in 0ms
npm timing idealTree:node_modules/json-stringify-safe Completed in 0ms
npm timing idealTree:node_modules/jsonfile Completed in 0ms
npm timing idealTree:node_modules/jsprim Completed in 1ms
npm timing idealTree:node_modules/extsprintf Completed in 0ms
npm timing idealTree:node_modules/json-schema Completed in 0ms
npm timing idealTree:node_modules/lazy-ass Completed in 0ms
npm timing idealTree:node_modules/lazystream Completed in 1ms
npm http fetch GET 200 https://registry.npmjs.org/ansi-escapes 3ms (cache hit)
npm http fetch GET 200 https://registry.npmjs.org/aggregate-error 3ms (cache hit)
npm http fetch GET 200 https://registry.npmjs.org/tslib 4ms (cache hit)
npm timing idealTree:node_modules/listr2 Completed in 8ms
npm http fetch GET 200 https://registry.npmjs.org/astral-regex 3ms (cache hit)
npm timing idealTree:node_modules/cli-truncate Completed in 4ms
npm timing idealTree:node_modules/colorette Completed in 0ms
npm timing idealTree:node_modules/lodash Completed in 0ms
npm timing idealTree:node_modules/lodash.defaults Completed in 0ms
npm timing idealTree:node_modules/lodash.difference Completed in 0ms
npm timing idealTree:node_modules/lodash.flatten Completed in 0ms
npm timing idealTree:node_modules/lodash.isplainobject Completed in 0ms
npm timing idealTree:node_modules/lodash.once Completed in 0ms
npm timing idealTree:node_modules/lodash.union Completed in 0ms
npm timing idealTree:node_modules/log-symbols Completed in 0ms
npm timing idealTree:node_modules/is-unicode-supported Completed in 0ms
npm http fetch GET 200 https://registry.npmjs.org/type-fest 2ms (cache hit)
npm timing idealTree:node_modules/log-update Completed in 5ms
npm timing idealTree:node_modules/ansi-escapes Completed in 0ms
npm timing idealTree:node_modules/make-dir Completed in 0ms
npm timing idealTree:node_modules/merge-stream Completed in 0ms
npm timing idealTree:node_modules/mime-types Completed in 0ms
npm timing idealTree:node_modules/mime-db Completed in 0ms
npm http fetch GET 200 https://registry.npmjs.org/balanced-match 2ms (cache hit)
npm http fetch GET 200 https://registry.npmjs.org/concat-map 3ms (cache hit)
npm timing idealTree:node_modules/minimatch Completed in 4ms
npm timing idealTree:node_modules/brace-expansion Completed in 0ms
npm timing idealTree:node_modules/balanced-match Completed in 0ms
npm timing idealTree:node_modules/concat-map Completed in 0ms
npm timing idealTree:node_modules/minimist Completed in 0ms
npm timing idealTree:node_modules/mkdirp Completed in 0ms
npm http fetch GET 200 https://registry.npmjs.org/braces 15ms (cache hit)
npm http fetch GET 200 https://registry.npmjs.org/is-binary-path 15ms (cache hit)
npm http fetch GET 200 https://registry.npmjs.org/fsevents 15ms (cache hit)
npm http fetch GET 200 https://registry.npmjs.org/is-glob 15ms (cache hit)
npm http fetch GET 200 https://registry.npmjs.org/locate-path 15ms (cache hit)
npm http fetch GET 200 https://registry.npmjs.org/escalade 14ms (cache hit)
npm http fetch GET 200 https://registry.npmjs.org/randombytes 15ms (cache hit)
npm http fetch GET 200 https://registry.npmjs.org/path-exists 15ms (cache hit)
npm http fetch GET 200 https://registry.npmjs.org/glob-parent 17ms (cache hit)
npm http fetch GET 200 https://registry.npmjs.org/argparse 15ms (cache hit)
npm http fetch GET 200 https://registry.npmjs.org/camelcase 15ms (cache hit)
npm http fetch GET 200 https://registry.npmjs.org/flat 15ms (cache hit)
npm http fetch GET 200 https://registry.npmjs.org/anymatch 19ms (cache hit)
npm http fetch GET 200 https://registry.npmjs.org/is-plain-obj 15ms (cache hit)
npm http fetch GET 200 https://registry.npmjs.org/readdirp 18ms (cache hit)
npm timing idealTree:node_modules/mocha Completed in 25ms
npm timing idealTree:node_modules/browser-stdout Completed in 0ms
npm http fetch GET 200 https://registry.npmjs.org/picomatch 5ms (cache hit)
npm http fetch GET 200 https://registry.npmjs.org/is-extglob 5ms (cache hit)
npm http fetch GET 200 https://registry.npmjs.org/fill-range 6ms (cache hit)
npm http fetch GET 200 https://registry.npmjs.org/binary-extensions 6ms (cache hit)
npm timing idealTree:node_modules/chokidar Completed in 8ms
npm timing idealTree:node_modules/anymatch Completed in 1ms
npm http fetch GET 200 https://registry.npmjs.org/to-regex-range 2ms (cache hit)
npm timing idealTree:node_modules/braces Completed in 2ms
npm timing idealTree:node_modules/diff Completed in 0ms
npm http fetch GET 200 https://registry.npmjs.org/is-number 1ms (cache hit)
npm timing idealTree:node_modules/fill-range Completed in 2ms
npm http fetch GET 200 https://registry.npmjs.org/p-locate 2ms (cache hit)
npm timing idealTree:node_modules/find-up Completed in 3ms
npm timing idealTree:node_modules/fsevents Completed in 0ms
npm timing idealTree:node_modules/glob-parent Completed in 0ms
npm timing idealTree:node_modules/he Completed in 0ms
npm timing idealTree:node_modules/is-binary-path Completed in 1ms
npm timing idealTree:node_modules/binary-extensions Completed in 0ms
npm timing idealTree:node_modules/is-glob Completed in 0ms
npm timing idealTree:node_modules/is-extglob Completed in 0ms
npm timing idealTree:node_modules/js-yaml Completed in 0ms
npm timing idealTree:node_modules/argparse Completed in 0ms
npm http fetch GET 200 https://registry.npmjs.org/p-limit 1ms (cache hit)
npm timing idealTree:node_modules/locate-path Completed in 2ms
npm timing idealTree:node_modules/ms Completed in 0ms
npm timing idealTree:node_modules/nanoid Completed in 0ms
npm http fetch GET 200 https://registry.npmjs.org/easy-stack 2ms (cache hit)
npm timing idealTree:node_modules/node-ipc Completed in 3ms
npm timing idealTree:node_modules/event-pubsub Completed in 0ms
npm timing idealTree:node_modules/js-message Completed in 0ms
npm timing idealTree:node_modules/js-queue Completed in 1ms
npm timing idealTree:node_modules/easy-stack Completed in 0ms
npm timing idealTree:node_modules/normalize-path Completed in 0ms
npm timing idealTree:node_modules/npm-run-path Completed in 0ms
npm timing idealTree:node_modules/object-assign Completed in 0ms
npm timing idealTree:node_modules/once Completed in 0ms
npm timing idealTree:node_modules/onetime Completed in 0ms
npm timing idealTree:node_modules/mimic-fn Completed in 0ms
npm timing idealTree:node_modules/ospath Completed in 0ms
npm http fetch GET 200 https://registry.npmjs.org/yocto-queue 1ms (cache hit)
npm timing idealTree:node_modules/p-locate Completed in 2ms
npm timing idealTree:node_modules/p-limit Completed in 0ms
npm http fetch GET 200 https://registry.npmjs.org/clean-stack 4ms (cache hit)
npm http fetch GET 200 https://registry.npmjs.org/indent-string 3ms (cache hit)
npm timing idealTree:node_modules/p-map Completed in 5ms
npm timing idealTree:node_modules/aggregate-error Completed in 2ms
npm timing idealTree:node_modules/clean-stack Completed in 0ms
npm timing idealTree:node_modules/indent-string Completed in 0ms
npm timing idealTree:node_modules/path-exists Completed in 0ms
npm timing idealTree:node_modules/path-is-absolute Completed in 0ms
npm timing idealTree:node_modules/path-key Completed in 0ms
npm timing idealTree:node_modules/performance-now Completed in 0ms
npm timing idealTree:node_modules/picomatch Completed in 0ms
npm timing idealTree:node_modules/pify Completed in 0ms
npm timing idealTree:node_modules/pinkie-promise Completed in 0ms
npm timing idealTree:node_modules/pinkie Completed in 0ms
npm timing idealTree:node_modules/pretty-bytes Completed in 0ms
npm timing idealTree:node_modules/process Completed in 0ms
npm timing idealTree:node_modules/proxy-from-env Completed in 0ms
npm http fetch GET 200 https://registry.npmjs.org/from 6ms (cache hit)
npm http fetch GET 200 https://registry.npmjs.org/map-stream 6ms (cache hit)
npm http fetch GET 200 https://registry.npmjs.org/pause-stream 6ms (cache hit)
npm http fetch GET 200 https://registry.npmjs.org/stream-combiner 5ms (cache hit)
npm http fetch GET 200 https://registry.npmjs.org/split 6ms (cache hit)
npm http fetch GET 200 https://registry.npmjs.org/duplexer 8ms (cache hit)
npm timing idealTree:node_modules/ps-tree Completed in 8ms
npm timing idealTree:node_modules/event-stream Completed in 3ms
npm timing idealTree:node_modules/duplexer Completed in 0ms
npm timing idealTree:node_modules/from Completed in 0ms
npm timing idealTree:node_modules/map-stream Completed in 0ms
npm timing idealTree:node_modules/pause-stream Completed in 0ms
npm http fetch GET 200 https://registry.npmjs.org/call-bind 4ms (cache hit)
npm http fetch GET 200 https://registry.npmjs.org/object-inspect 4ms (cache hit)
npm http fetch GET 200 https://registry.npmjs.org/get-intrinsic 6ms (cache hit)
npm timing idealTree:node_modules/qs Completed in 7ms
npm timing idealTree:node_modules/readable-stream Completed in 1ms
npm timing idealTree:node_modules/readdir-glob Completed in 0ms
npm timing idealTree:node_modules/readdirp Completed in 0ms
npm http fetch GET 200 https://registry.npmjs.org/har-schema 4ms (cache hit)
npm timing idealTree:node_modules/request Completed in 6ms
npm http fetch GET 200 https://registry.npmjs.org/fast-deep-equal 4ms (cache hit)
npm http fetch GET 200 https://registry.npmjs.org/json-schema-traverse 4ms (cache hit)
npm http fetch GET 200 https://registry.npmjs.org/uri-js 5ms (cache hit)
npm http fetch GET 200 https://registry.npmjs.org/fast-json-stable-stringify 7ms (cache hit)
npm timing idealTree:node_modules/har-validator Completed in 8ms
npm timing idealTree:node_modules/ajv Completed in 1ms
npm timing idealTree:node_modules/fast-deep-equal Completed in 0ms
npm timing idealTree:node_modules/fast-json-stable-stringify Completed in 0ms
npm timing idealTree:node_modules/har-schema Completed in 0ms
npm timing idealTree:node_modules/json-schema-traverse Completed in 0ms
npm timing idealTree:node_modules/oauth-sign Completed in 0ms
npm timing idealTree:node_modules/request-progress Completed in 0ms
npm timing idealTree:node_modules/requestretry Completed in 0ms
npm timing idealTree:node_modules/restore-cursor Completed in 0ms
npm timing idealTree:node_modules/rfdc Completed in 0ms
npm timing idealTree:node_modules/rxjs Completed in 0ms
npm timing idealTree:node_modules/safe-buffer Completed in 0ms
npm timing idealTree:node_modules/seek-bzip Completed in 0ms
npm http fetch GET 200 https://registry.npmjs.org/yallist 2ms (cache hit)
npm timing idealTree:node_modules/semver Completed in 3ms
npm timing idealTree:node_modules/lru-cache Completed in 1ms
npm timing idealTree:node_modules/serialize-javascript Completed in 0ms
npm timing idealTree:node_modules/randombytes Completed in 0ms
npm timing idealTree:node_modules/shebang-command Completed in 0ms
npm timing idealTree:node_modules/shebang-regex Completed in 0ms
npm http fetch GET 200 https://registry.npmjs.org/has-proto 6ms (cache hit)
npm http fetch GET 200 https://registry.npmjs.org/function-bind 6ms (cache hit)
npm http fetch GET 200 https://registry.npmjs.org/has-symbols 5ms (cache hit)
npm http fetch GET 200 https://registry.npmjs.org/set-function-length 6ms (cache hit)
npm http fetch GET 200 https://registry.npmjs.org/hasown 6ms (cache hit)
npm timing idealTree:node_modules/side-channel Completed in 8ms
npm http fetch GET 200 https://registry.npmjs.org/define-data-property 3ms (cache hit)
npm http fetch GET 200 https://registry.npmjs.org/gopd 3ms (cache hit)
npm http fetch GET 200 https://registry.npmjs.org/has-property-descriptors 3ms (cache hit)
npm timing idealTree:node_modules/call-bind Completed in 4ms
npm timing idealTree:node_modules/function-bind Completed in 0ms
npm timing idealTree:node_modules/get-intrinsic Completed in 1ms
npm timing idealTree:node_modules/has-proto Completed in 0ms
npm timing idealTree:node_modules/has-symbols Completed in 0ms
npm timing idealTree:node_modules/hasown Completed in 0ms
npm timing idealTree:node_modules/object-inspect Completed in 0ms
npm timing idealTree:node_modules/set-function-length Completed in 1ms
npm timing idealTree:node_modules/define-data-property Completed in 0ms
npm timing idealTree:node_modules/gopd Completed in 0ms
npm timing idealTree:node_modules/has-property-descriptors Completed in 0ms
npm timing idealTree:node_modules/signal-exit Completed in 0ms
npm timing idealTree:node_modules/slice-ansi Completed in 0ms
npm timing idealTree:node_modules/astral-regex Completed in 0ms
npm timing idealTree:node_modules/is-fullwidth-code-point Completed in 0ms
npm timing idealTree:node_modules/split Completed in 0ms
npm timing idealTree:node_modules/sshpk Completed in 3ms
npm timing idealTree:node_modules/asn1 Completed in 0ms
npm timing idealTree:node_modules/bcrypt-pbkdf Completed in 0ms
npm timing idealTree:node_modules/dashdash Completed in 0ms
npm timing idealTree:node_modules/ecc-jsbn Completed in 0ms
npm timing idealTree:node_modules/getpass Completed in 0ms
npm timing idealTree:node_modules/jsbn Completed in 0ms
npm timing idealTree:node_modules/safer-buffer Completed in 0ms
npm timing idealTree:node_modules/stream-combiner Completed in 0ms
npm timing idealTree:node_modules/string_decoder Completed in 0ms
npm timing idealTree:node_modules/string-width Completed in 1ms
npm timing idealTree:node_modules/emoji-regex Completed in 0ms
npm timing idealTree:node_modules/strip-ansi Completed in 0ms
npm timing idealTree:node_modules/ansi-regex Completed in 0ms
npm timing idealTree:node_modules/strip-dirs Completed in 0ms
npm timing idealTree:node_modules/is-natural-number Completed in 0ms
npm timing idealTree:node_modules/strip-final-newline Completed in 0ms
npm timing idealTree:node_modules/strip-json-comments Completed in 0ms
npm timing idealTree:node_modules/supports-color Completed in 0ms
npm timing idealTree:node_modules/has-flag Completed in 0ms
npm timing idealTree:node_modules/table Completed in 1ms
npm timing idealTree:node_modules/tar-stream Completed in 1ms
npm timing idealTree:node_modules/bl Completed in 0ms
npm timing idealTree:node_modules/end-of-stream Completed in 0ms
npm timing idealTree:node_modules/fs-constants Completed in 0ms
npm timing idealTree:node_modules/temp-fs Completed in 1ms
npm timing idealTree:node_modules/rimraf Completed in 0ms
npm timing idealTree:node_modules/throttleit Completed in 0ms
npm timing idealTree:node_modules/through Completed in 0ms
npm timing idealTree:node_modules/tmp Completed in 1ms
npm timing idealTree:node_modules/to-regex-range Completed in 0ms
npm timing idealTree:node_modules/is-number Completed in 0ms
npm http fetch GET 200 https://registry.npmjs.org/requires-port 3ms (cache hit)
npm http fetch GET 200 https://registry.npmjs.org/querystringify 5ms (cache hit)
npm timing idealTree:node_modules/tough-cookie Completed in 6ms
npm timing idealTree:node_modules/psl Completed in 0ms
npm timing idealTree:node_modules/punycode Completed in 0ms
npm timing idealTree:node_modules/tslib Completed in 0ms
npm timing idealTree:node_modules/tunnel-agent Completed in 0ms
npm timing idealTree:node_modules/tweetnacl Completed in 0ms
npm timing idealTree:node_modules/type-fest Completed in 0ms
npm timing idealTree:node_modules/unbzip2-stream Completed in 0ms
npm timing idealTree:node_modules/undici-types Completed in 0ms
npm timing idealTree:node_modules/universalify Completed in 0ms
npm timing idealTree:node_modules/untildify Completed in 0ms
npm http fetch GET 200 https://registry.npmjs.org/ansi-align 9ms (cache hit)
npm http fetch GET 200 https://registry.npmjs.org/dot-prop 8ms (cache hit)
npm http fetch GET 200 https://registry.npmjs.org/write-file-atomic 8ms (cache hit)
npm http fetch GET 200 https://registry.npmjs.org/cli-boxes 10ms (cache hit)
npm http fetch GET 200 https://registry.npmjs.org/escape-goat 8ms (cache hit)
npm http fetch GET 200 https://registry.npmjs.org/unique-string 9ms (cache hit)
npm http fetch GET 200 https://registry.npmjs.org/package-json 9ms (cache hit)
npm http fetch GET 200 https://registry.npmjs.org/widest-line 10ms (cache hit)
npm timing idealTree:node_modules/update-notifier Completed in 14ms
npm timing idealTree:node_modules/boxen Completed in 1ms
npm timing idealTree:node_modules/ansi-align Completed in 0ms
npm timing idealTree:node_modules/camelcase Completed in 0ms
npm timing idealTree:node_modules/cli-boxes Completed in 0ms
npm http fetch GET 200 https://registry.npmjs.org/is-obj 6ms (cache hit)
npm http fetch GET 200 https://registry.npmjs.org/typedarray-to-buffer 5ms (cache hit)
npm http fetch GET 200 https://registry.npmjs.org/crypto-random-string 5ms (cache hit)
npm http fetch GET 200 https://registry.npmjs.org/imurmurhash 5ms (cache hit)
npm timing idealTree:node_modules/configstore Completed in 7ms
npm timing idealTree:node_modules/dot-prop Completed in 0ms
npm timing idealTree:node_modules/has-yarn Completed in 0ms
npm timing idealTree:node_modules/import-lazy Completed in 0ms
npm timing idealTree:node_modules/is-npm Completed in 0ms
npm timing idealTree:node_modules/is-obj Completed in 0ms
npm timing idealTree:node_modules/is-yarn-global Completed in 0ms
npm http fetch GET 200 https://registry.npmjs.org/registry-auth-token 4ms (cache hit)
npm http fetch GET 200 https://registry.npmjs.org/got 5ms (cache hit)
npm http fetch GET 200 https://registry.npmjs.org/registry-url 6ms (cache hit)
npm timing idealTree:node_modules/latest-version Completed in 8ms
npm http fetch GET 200 https://registry.npmjs.org/@szmarczak%2fhttp-timer 13ms (cache hit)
npm http fetch GET 200 https://registry.npmjs.org/p-cancelable 11ms (cache hit)
npm http fetch GET 200 https://registry.npmjs.org/duplexer3 13ms (cache hit)
npm http fetch GET 200 https://registry.npmjs.org/lowercase-keys 13ms (cache hit)
npm http fetch GET 200 https://registry.npmjs.org/@sindresorhus%2fis 14ms (cache hit)
npm http fetch GET 200 https://registry.npmjs.org/decompress-response 14ms (cache hit)
npm http fetch GET 200 https://registry.npmjs.org/mimic-response 13ms (cache hit)
npm http fetch GET 200 https://registry.npmjs.org/cacheable-request 15ms (cache hit)
npm http fetch GET 200 https://registry.npmjs.org/to-readable-stream 14ms (cache hit)
npm http fetch GET 200 https://registry.npmjs.org/url-parse-lax 15ms (cache hit)
npm http fetch GET 200 https://registry.npmjs.org/rc 14ms (cache hit)
npm timing idealTree:node_modules/package-json Completed in 18ms
npm http fetch GET 200 https://registry.npmjs.org/defer-to-connect 8ms (cache hit)
npm http fetch GET 200 https://registry.npmjs.org/clone-response 9ms (cache hit)
npm http fetch GET 200 https://registry.npmjs.org/keyv 10ms (cache hit)
npm http fetch GET 200 https://registry.npmjs.org/http-cache-semantics 10ms (cache hit)
npm http fetch GET 200 https://registry.npmjs.org/responselike 10ms (cache hit)
npm http fetch GET 200 https://registry.npmjs.org/prepend-http 10ms (cache hit)
npm http fetch GET 200 https://registry.npmjs.org/normalize-url 11ms (cache hit)
npm timing idealTree:node_modules/got Completed in 16ms
npm timing idealTree:node_modules/@sindresorhus/is Completed in 0ms
npm timing idealTree:node_modules/@szmarczak/http-timer Completed in 1ms
npm http fetch GET 200 https://registry.npmjs.org/json-buffer 1ms (cache hit)
npm timing idealTree:node_modules/cacheable-request Completed in 5ms
npm timing idealTree:node_modules/clone-response Completed in 0ms
npm timing idealTree:node_modules/decompress-response Completed in 0ms
npm timing idealTree:node_modules/defer-to-connect Completed in 0ms
npm timing idealTree:node_modules/duplexer3 Completed in 0ms
npm timing idealTree:node_modules/http-cache-semantics Completed in 0ms
npm timing idealTree:node_modules/keyv Completed in 0ms
npm timing idealTree:node_modules/json-buffer Completed in 0ms
npm timing idealTree:node_modules/lowercase-keys Completed in 0ms
npm timing idealTree:node_modules/mimic-response Completed in 0ms
npm timing idealTree:node_modules/normalize-url Completed in 0ms
npm timing idealTree:node_modules/p-cancelable Completed in 0ms
npm timing idealTree:node_modules/pupa Completed in 0ms
npm timing idealTree:node_modules/escape-goat Completed in 0ms
npm http fetch GET 200 https://registry.npmjs.org/deep-extend 2ms (cache hit)
npm timing idealTree:node_modules/registry-auth-token Completed in 3ms
npm timing idealTree:node_modules/rc Completed in 1ms
npm timing idealTree:node_modules/deep-extend Completed in 0ms
npm timing idealTree:node_modules/registry-url Completed in 0ms
npm timing idealTree:node_modules/responselike Completed in 0ms
npm timing idealTree:node_modules/semver-diff Completed in 0ms
npm timing idealTree:node_modules/to-readable-stream Completed in 0ms
npm timing idealTree:node_modules/unique-string Completed in 1ms
npm timing idealTree:node_modules/crypto-random-string Completed in 0ms
npm timing idealTree:node_modules/uri-js Completed in 0ms
npm timing idealTree:node_modules/url-parse Completed in 3ms
npm timing idealTree:node_modules/querystringify Completed in 0ms
npm timing idealTree:node_modules/requires-port Completed in 0ms
npm timing idealTree:node_modules/url-parse-lax Completed in 0ms
npm timing idealTree:node_modules/prepend-http Completed in 0ms
npm timing idealTree:node_modules/util-deprecate Completed in 0ms
npm timing idealTree:node_modules/uuid Completed in 0ms
npm timing idealTree:node_modules/verror Completed in 1ms
npm timing idealTree:node_modules/core-util-is Completed in 0ms
npm timing idealTree:node_modules/which Completed in 0ms
npm timing idealTree:node_modules/isexe Completed in 0ms
npm timing idealTree:node_modules/widest-line Completed in 0ms
npm timing idealTree:node_modules/windows-release Completed in 2ms
npm timing idealTree:node_modules/winston Completed in 2ms
npm timing idealTree:node_modules/colors Completed in 0ms
npm timing idealTree:node_modules/cycle Completed in 0ms
npm timing idealTree:node_modules/eyes Completed in 0ms
npm timing idealTree:node_modules/stack-trace Completed in 0ms
npm timing idealTree:node_modules/workerpool Completed in 0ms
npm timing idealTree:node_modules/wrap-ansi Completed in 0ms
npm timing idealTree:node_modules/wrappy Completed in 0ms
npm timing idealTree:node_modules/write-file-atomic Completed in 1ms
npm timing idealTree:node_modules/imurmurhash Completed in 0ms
npm timing idealTree:node_modules/typedarray-to-buffer Completed in 0ms
npm timing idealTree:node_modules/xdg-basedir Completed in 0ms
npm timing idealTree:node_modules/yallist Completed in 0ms
npm timing idealTree:node_modules/yargs Completed in 4ms
npm timing idealTree:node_modules/cliui Completed in 3ms
npm timing idealTree:node_modules/decamelize Completed in 0ms
npm timing idealTree:node_modules/get-caller-file Completed in 0ms
npm timing idealTree:node_modules/require-directory Completed in 0ms
npm timing idealTree:node_modules/require-main-filename Completed in 0ms
npm timing idealTree:node_modules/set-blocking Completed in 0ms
npm timing idealTree:node_modules/which-module Completed in 0ms
npm timing idealTree:node_modules/y18n Completed in 0ms
npm timing idealTree:node_modules/yargs-parser Completed in 0ms
npm timing idealTree:node_modules/yargs-unparser Completed in 1ms
npm timing idealTree:node_modules/flat Completed in 0ms
npm timing idealTree:node_modules/is-plain-obj Completed in 0ms
npm http fetch GET 200 https://registry.npmjs.org/pend 2ms (cache hit)
npm timing idealTree:node_modules/yauzl Completed in 2ms
npm timing idealTree:node_modules/fd-slicer Completed in 0ms
npm timing idealTree:node_modules/pend Completed in 1ms
npm timing idealTree:node_modules/yocto-queue Completed in 0ms
npm http fetch GET 200 https://registry.npmjs.org/crc32-stream 2ms (cache hit)
npm timing idealTree:node_modules/zip-stream Completed in 3ms
npm http fetch GET 200 https://registry.npmjs.org/crc-32 2ms (cache hit)
npm timing idealTree:node_modules/compress-commons Completed in 2ms
npm timing idealTree:node_modules/crc32-stream Completed in 1ms
npm timing idealTree:node_modules/crc-32 Completed in 0ms
npm timing idealTree:node_modules/@cypress/xvfb/node_modules/debug Completed in 0ms
npm timing idealTree:node_modules/archiver-utils/node_modules/readable-stream Completed in 1ms
npm timing idealTree:node_modules/isarray Completed in 0ms
npm timing idealTree:node_modules/process-nextick-args Completed in 0ms
npm timing idealTree:node_modules/archiver-utils/node_modules/safe-buffer Completed in 0ms
npm timing idealTree:node_modules/archiver-utils/node_modules/string_decoder Completed in 0ms
npm timing idealTree:node_modules/boxen/node_modules/type-fest Completed in 0ms
npm timing idealTree:node_modules/cacheable-request/node_modules/get-stream Completed in 0ms
npm timing idealTree:node_modules/pump Completed in 0ms
npm timing idealTree:node_modules/cacheable-request/node_modules/lowercase-keys Completed in 0ms
npm timing idealTree:node_modules/cliui/node_modules/string-width Completed in 1ms
npm timing idealTree:node_modules/cliui/node_modules/emoji-regex Completed in 0ms
npm timing idealTree:node_modules/cliui/node_modules/is-fullwidth-code-point Completed in 0ms
npm timing idealTree:node_modules/cliui/node_modules/strip-ansi Completed in 0ms
npm timing idealTree:node_modules/cliui/node_modules/ansi-regex Completed in 0ms
npm timing idealTree:node_modules/cliui/node_modules/wrap-ansi Completed in 1ms
npm timing idealTree:node_modules/cliui/node_modules/ansi-styles Completed in 0ms
npm timing idealTree:node_modules/cliui/node_modules/color-convert Completed in 0ms
npm timing idealTree:node_modules/cliui/node_modules/color-name Completed in 0ms
npm timing idealTree:node_modules/configstore/node_modules/make-dir Completed in 0ms
npm timing idealTree:node_modules/configstore/node_modules/semver Completed in 0ms
npm timing idealTree:node_modules/cypress/node_modules/fs-extra Completed in 1ms
npm timing idealTree:node_modules/at-least-node Completed in 0ms
npm timing idealTree:node_modules/cypress/node_modules/jsonfile Completed in 0ms
npm timing idealTree:node_modules/cypress/node_modules/supports-color Completed in 0ms
npm timing idealTree:node_modules/cypress/node_modules/universalify Completed in 0ms
npm http fetch GET 200 https://registry.npmjs.org/buffer-alloc-unsafe 3ms (cache hit)
npm http fetch GET 200 https://registry.npmjs.org/buffer-fill 2ms (cache hit)
npm timing idealTree:node_modules/decompress-tar/node_modules/tar-stream Completed in 4ms
npm timing idealTree:node_modules/buffer-alloc Completed in 1ms
npm timing idealTree:node_modules/buffer-alloc-unsafe Completed in 0ms
npm timing idealTree:node_modules/buffer-fill Completed in 0ms
npm timing idealTree:node_modules/to-buffer Completed in 0ms
npm timing idealTree:node_modules/xtend Completed in 0ms
npm timing idealTree:node_modules/decompress-tar/node_modules/bl Completed in 0ms
npm timing idealTree:node_modules/decompress-tar/node_modules/readable-stream Completed in 1ms
npm timing idealTree:node_modules/decompress-tar/node_modules/safe-buffer Completed in 0ms
npm timing idealTree:node_modules/decompress-tar/node_modules/string_decoder Completed in 0ms
npm timing idealTree:node_modules/decompress-tarbz2/node_modules/file-type Completed in 0ms
npm timing idealTree:node_modules/decompress-unzip/node_modules/file-type Completed in 0ms
npm timing idealTree:node_modules/execa/node_modules/get-stream Completed in 0ms
npm timing idealTree:node_modules/execa/node_modules/is-stream Completed in 0ms
npm timing idealTree:node_modules/extract-zip/node_modules/get-stream Completed in 0ms
npm timing idealTree:node_modules/getmac/node_modules/@types/node Completed in 0ms
npm timing idealTree:node_modules/global-dirs/node_modules/ini Completed in 0ms
npm timing idealTree:node_modules/got/node_modules/get-stream Completed in 0ms
npm timing idealTree:node_modules/lazystream/node_modules/readable-stream Completed in 0ms
npm timing idealTree:node_modules/lazystream/node_modules/safe-buffer Completed in 0ms
npm timing idealTree:node_modules/lazystream/node_modules/string_decoder Completed in 0ms
npm timing idealTree:node_modules/log-update/node_modules/slice-ansi Completed in 0ms
npm timing idealTree:node_modules/log-update/node_modules/wrap-ansi Completed in 0ms
npm timing idealTree:node_modules/make-dir/node_modules/pify Completed in 0ms
npm timing idealTree:node_modules/mocha/node_modules/ansi-colors Completed in 0ms
npm timing idealTree:node_modules/mocha/node_modules/escape-string-regexp Completed in 0ms
npm timing idealTree:node_modules/mocha/node_modules/glob Completed in 0ms
npm timing idealTree:node_modules/mocha/node_modules/minimatch Completed in 0ms
npm timing idealTree:node_modules/mocha/node_modules/ms Completed in 0ms
npm timing idealTree:node_modules/mocha/node_modules/supports-color Completed in 0ms
npm timing idealTree:node_modules/mocha/node_modules/yargs Completed in 0ms
npm timing idealTree:node_modules/escalade Completed in 0ms
npm timing idealTree:node_modules/mocha/node_modules/cliui Completed in 0ms
npm timing idealTree:node_modules/mocha/node_modules/y18n Completed in 0ms
npm timing idealTree:node_modules/package-json/node_modules/semver Completed in 0ms
npm timing idealTree:node_modules/rc/node_modules/strip-json-comments Completed in 0ms
npm timing idealTree:node_modules/readdir-glob/node_modules/minimatch Completed in 0ms
npm timing idealTree:node_modules/readdir-glob/node_modules/brace-expansion Completed in 0ms
npm timing idealTree:node_modules/request/node_modules/http-signature Completed in 0ms
npm timing idealTree:node_modules/request/node_modules/jsprim Completed in 0ms
npm timing idealTree:node_modules/request/node_modules/qs Completed in 0ms
npm timing idealTree:node_modules/request/node_modules/tough-cookie Completed in 0ms
npm timing idealTree:node_modules/request/node_modules/uuid Completed in 0ms
npm timing idealTree:node_modules/seek-bzip/node_modules/commander Completed in 0ms
npm timing idealTree:node_modules/semver-diff/node_modules/semver Completed in 0ms
npm timing idealTree:node_modules/table/node_modules/slice-ansi Completed in 1ms
npm timing idealTree:node_modules/table/node_modules/ansi-styles Completed in 0ms
npm timing idealTree:node_modules/table/node_modules/astral-regex Completed in 0ms
npm timing idealTree:node_modules/table/node_modules/color-convert Completed in 0ms
npm timing idealTree:node_modules/table/node_modules/color-name Completed in 0ms
npm timing idealTree:node_modules/table/node_modules/is-fullwidth-code-point Completed in 0ms
npm timing idealTree:node_modules/table/node_modules/string-width Completed in 1ms
npm timing idealTree:node_modules/table/node_modules/emoji-regex Completed in 0ms
npm timing idealTree:node_modules/table/node_modules/strip-ansi Completed in 0ms
npm timing idealTree:node_modules/table/node_modules/ansi-regex Completed in 0ms
npm timing idealTree:node_modules/tmp/node_modules/rimraf Completed in 0ms
npm timing idealTree:node_modules/tough-cookie/node_modules/universalify Completed in 0ms
npm timing idealTree:node_modules/update-notifier/node_modules/is-ci Completed in 1ms
npm timing idealTree:node_modules/update-notifier/node_modules/ci-info Completed in 0ms
npm timing idealTree:node_modules/windows-release/node_modules/execa Completed in 0ms
npm timing idealTree:node_modules/windows-release/node_modules/get-stream Completed in 0ms
npm timing idealTree:node_modules/windows-release/node_modules/human-signals Completed in 0ms
npm timing idealTree:node_modules/windows-release/node_modules/is-stream Completed in 0ms
npm timing idealTree:node_modules/winston/node_modules/async Completed in 0ms
npm timing idealTree:node_modules/yargs-unparser/node_modules/decamelize Completed in 0ms
npm timing idealTree:node_modules/yargs/node_modules/find-up Completed in 1ms
npm timing idealTree:node_modules/yargs/node_modules/locate-path Completed in 1ms
npm http fetch GET 200 https://registry.npmjs.org/p-try 1ms (cache hit)
npm timing idealTree:node_modules/yargs/node_modules/p-locate Completed in 2ms
npm timing idealTree:node_modules/yargs/node_modules/p-limit Completed in 0ms
npm timing idealTree:node_modules/p-try Completed in 0ms
npm timing idealTree:node_modules/yargs/node_modules/path-exists Completed in 0ms
npm timing idealTree:node_modules/yargs/node_modules/string-width Completed in 1ms
npm timing idealTree:node_modules/yargs/node_modules/emoji-regex Completed in 0ms
npm timing idealTree:node_modules/yargs/node_modules/is-fullwidth-code-point Completed in 0ms
npm timing idealTree:node_modules/yargs/node_modules/strip-ansi Completed in 0ms
npm timing idealTree:node_modules/yargs/node_modules/ansi-regex Completed in 0ms
npm timing idealTree:node_modules/yargs/node_modules/yargs-parser Completed in 1ms
npm timing idealTree:node_modules/yargs/node_modules/camelcase Completed in 0ms
npm timing idealTree:node_modules/zip-stream/node_modules/archiver-utils Completed in 0ms
npm timing idealTree:node_modules/mocha/node_modules/glob/node_modules/minimatch Completed in 0ms
npm timing idealTree:node_modules/mocha/node_modules/minimatch/node_modules/brace-expansion Completed in 0ms
npm timing idealTree:buildDeps Completed in 930ms
npm timing idealTree:fixDepFlags Completed in 2ms
npm timing idealTree Completed in 943ms
npm timing reify:loadTrees Completed in 943ms
npm timing reify:diffTrees Completed in 3ms
npm timing reify:retireShallow Completed in 1ms
npm timing reify:createSparse Completed in 42ms
npm timing reify:loadBundles Completed in 0ms
npm timing reifyNode:node_modules/buffer-fill Completed in 680ms
npm timing reifyNode:node_modules/buffer-alloc-unsafe Completed in 680ms
npm timing reifyNode:node_modules/buffer-alloc Completed in 680ms
npm timing reifyNode:node_modules/cycle Completed in 682ms
npm timing reifyNode:node_modules/process-nextick-args Completed in 695ms
npm timing reifyNode:node_modules/at-least-node Completed in 696ms
npm timing reifyNode:node_modules/which-module Completed in 697ms
npm timing reifyNode:node_modules/decamelize Completed in 697ms
npm timing reifyNode:node_modules/imurmurhash Completed in 698ms
npm timing reifyNode:node_modules/querystringify Completed in 701ms
npm timing reifyNode:node_modules/prepend-http Completed in 702ms
npm timing reifyNode:node_modules/url-parse-lax Completed in 704ms
npm timing reifyNode:node_modules/to-readable-stream Completed in 707ms
npm timing reifyNode:node_modules/lowercase-keys Completed in 708ms
npm timing reifyNode:node_modules/mimic-response Completed in 708ms
npm timing reifyNode:node_modules/duplexer3 Completed in 707ms
npm timing reifyNode:node_modules/decompress-response Completed in 707ms
npm timing reifyNode:node_modules/configstore Completed in 707ms
npm timing reifyNode:node_modules/import-lazy Completed in 707ms
npm timing reifyNode:node_modules/is-number Completed in 707ms
npm timing reifyNode:node_modules/end-of-stream Completed in 706ms
npm timing reifyNode:node_modules/oauth-sign Completed in 706ms
npm timing reifyNode:node_modules/pinkie Completed in 707ms
npm timing reifyNode:node_modules/is-extglob Completed in 707ms
npm timing reifyNode:node_modules/browser-stdout Completed in 707ms
npm timing reifyNode:node_modules/slice-ansi Completed in 707ms
npm timing reifyNode:node_modules/wrap-ansi Completed in 707ms
npm timing reifyNode:node_modules/brace-expansion Completed in 708ms
npm timing reifyNode:node_modules/wrappy Completed in 707ms
npm timing reifyNode:node_modules/once Completed in 707ms
npm timing reifyNode:node_modules/path-is-absolute Completed in 707ms
npm timing reifyNode:node_modules/inflight Completed in 708ms
npm timing reifyNode:node_modules/ini Completed in 708ms
npm timing reifyNode:node_modules/pinkie-promise Completed in 708ms
npm timing reifyNode:node_modules/escape-string-regexp Completed in 707ms
npm timing reifyNode:node_modules/universalify Completed in 707ms
npm timing reifyNode:node_modules/@types/yauzl Completed in 707ms
npm timing reifyNode:node_modules/shebang-command Completed in 708ms
npm timing reifyNode:node_modules/strip-final-newline Completed in 708ms
npm timing reifyNode:node_modules/object-assign Completed in 708ms
npm timing reifyNode:node_modules/merge-stream Completed in 708ms
npm timing reifyNode:node_modules/is-stream Completed in 708ms
npm timing reifyNode:node_modules/strip-dirs Completed in 708ms
npm timing reifyNode:node_modules/decompress-tar Completed in 708ms
npm timing reifyNode:node_modules/pify Completed in 709ms
npm timing reifyNode:node_modules/decompress-targz Completed in 708ms
npm timing reifyNode:node_modules/decompress-tarbz2 Completed in 708ms
npm timing reifyNode:node_modules/ms Completed in 707ms
npm timing reifyNode:node_modules/make-dir Completed in 708ms
npm timing reifyNode:node_modules/lodash.once Completed in 708ms
npm timing reifyNode:node_modules/executable Completed in 707ms
npm timing reifyNode:node_modules/@cypress/xvfb Completed in 707ms
npm timing reifyNode:node_modules/@types/sinonjs__fake-timers Completed in 708ms
npm timing reifyNode:node_modules/color-name Completed in 708ms
npm timing reifyNode:node_modules/decompress-unzip Completed in 711ms
npm timing reifyNode:node_modules/normalize-path Completed in 707ms
npm timing reifyNode:node_modules/lodash.flatten Completed in 708ms
npm timing reifyNode:node_modules/lodash.isplainobject Completed in 708ms
npm timing reifyNode:node_modules/buffer-crc32 Completed in 707ms
npm timing reifyNode:node_modules/@types/sizzle Completed in 709ms
npm timing reifyNode:node_modules/decompress Completed in 706ms
npm timing reifyNode:node_modules/cliui/node_modules/is-fullwidth-code-point Completed in 723ms
npm timing reifyNode:node_modules/cliui/node_modules/ansi-regex Completed in 724ms
npm timing reifyNode:node_modules/cliui/node_modules/ansi-styles Completed in 724ms
npm timing reifyNode:node_modules/cliui/node_modules/string-width Completed in 724ms
npm timing reifyNode:node_modules/cliui/node_modules/wrap-ansi Completed in 724ms
npm timing reifyNode:node_modules/rc/node_modules/strip-json-comments Completed in 723ms
npm timing reifyNode:node_modules/log-update/node_modules/wrap-ansi Completed in 716ms
npm timing reifyNode:node_modules/global-dirs/node_modules/ini Completed in 717ms
npm timing reifyNode:node_modules/log-update/node_modules/slice-ansi Completed in 717ms
npm timing reifyNode:node_modules/make-dir/node_modules/pify Completed in 715ms
npm timing reifyNode:node_modules/decompress-tarbz2/node_modules/file-type Completed in 715ms
npm timing reifyNode:node_modules/decompress-unzip/node_modules/file-type Completed in 715ms
npm timing reifyNode:node_modules/tough-cookie/node_modules/universalify Completed in 716ms
npm timing reifyNode:node_modules/yargs/node_modules/is-fullwidth-code-point Completed in 712ms
npm timing reifyNode:node_modules/yargs/node_modules/path-exists Completed in 712ms
npm timing reifyNode:node_modules/yargs/node_modules/ansi-regex Completed in 713ms
npm timing reifyNode:node_modules/yargs/node_modules/string-width Completed in 713ms
npm timing reifyNode:node_modules/yargs/node_modules/p-locate Completed in 713ms
npm timing reifyNode:node_modules/yargs/node_modules/find-up Completed in 713ms
npm timing reifyNode:node_modules/yargs/node_modules/locate-path Completed in 713ms
npm timing reifyNode:node_modules/table/node_modules/ansi-regex Completed in 712ms
npm timing reifyNode:node_modules/table/node_modules/string-width Completed in 713ms
npm timing reifyNode:node_modules/table/node_modules/ansi-styles Completed in 713ms
npm timing reifyNode:node_modules/table/node_modules/is-fullwidth-code-point Completed in 713ms
npm timing reifyNode:node_modules/table/node_modules/astral-regex Completed in 713ms
npm timing reifyNode:node_modules/table/node_modules/slice-ansi Completed in 713ms
npm timing reifyNode:node_modules/mocha/node_modules/ms Completed in 713ms
npm timing reifyNode:node_modules/cypress/node_modules/universalify Completed in 713ms
npm timing reifyNode:node_modules/p-try Completed in 732ms
npm timing reifyNode:node_modules/is-plain-obj Completed in 731ms
npm timing reifyNode:node_modules/pend Completed in 732ms
npm timing reifyNode:node_modules/y18n Completed in 732ms
npm timing reifyNode:node_modules/set-blocking Completed in 732ms
npm timing reifyNode:node_modules/require-main-filename Completed in 732ms
npm timing reifyNode:node_modules/crypto-random-string Completed in 731ms
npm timing reifyNode:node_modules/escape-goat Completed in 731ms
npm timing reifyNode:node_modules/responselike Completed in 731ms
npm timing reifyNode:node_modules/clone-response Completed in 731ms
npm timing reifyNode:node_modules/p-cancelable Completed in 732ms
npm timing reifyNode:node_modules/@szmarczak/http-timer Completed in 731ms
npm timing reifyNode:node_modules/registry-url Completed in 731ms
npm timing reifyNode:node_modules/normalize-url Completed in 732ms
npm timing reifyNode:node_modules/is-obj Completed in 731ms
npm timing reifyNode:node_modules/unique-string Completed in 731ms
npm timing reifyNode:node_modules/widest-line Completed in 730ms
npm timing reifyNode:node_modules/dot-prop Completed in 731ms
npm timing reifyNode:node_modules/semver-diff Completed in 731ms
npm timing reifyNode:node_modules/ansi-align Completed in 731ms
npm timing reifyNode:node_modules/pupa Completed in 731ms
npm timing reifyNode:node_modules/camelcase Completed in 731ms
npm timing reifyNode:node_modules/xdg-basedir Completed in 731ms
npm timing reifyNode:node_modules/latest-version Completed in 731ms
npm timing reifyNode:node_modules/is-yarn-global Completed in 731ms
npm timing reifyNode:node_modules/is-npm Completed in 731ms
npm timing reifyNode:node_modules/has-yarn Completed in 732ms
npm timing reifyNode:node_modules/fs-constants Completed in 731ms
npm timing reifyNode:node_modules/has-flag Completed in 731ms
npm timing reifyNode:node_modules/ansi-regex Completed in 731ms
npm timing reifyNode:node_modules/is-natural-number Completed in 731ms
npm timing reifyNode:node_modules/is-fullwidth-code-point Completed in 732ms
npm timing reifyNode:node_modules/lru-cache Completed in 731ms
npm timing reifyNode:node_modules/shebang-regex Completed in 732ms
npm timing reifyNode:node_modules/astral-regex Completed in 733ms
npm timing reifyNode:node_modules/clean-stack Completed in 732ms
npm timing reifyNode:node_modules/indent-string Completed in 732ms
npm timing reifyNode:node_modules/aggregate-error Completed in 732ms
npm timing reifyNode:node_modules/yocto-queue Completed in 733ms
npm timing reifyNode:node_modules/p-limit Completed in 733ms
npm timing reifyNode:node_modules/fill-range Completed in 733ms
npm timing reifyNode:node_modules/p-locate Completed in 733ms
npm timing reifyNode:node_modules/locate-path Completed in 733ms
npm timing reifyNode:node_modules/path-exists Completed in 733ms
npm timing reifyNode:node_modules/to-regex-range Completed in 735ms
npm timing reifyNode:node_modules/is-glob Completed in 735ms
npm timing reifyNode:node_modules/is-binary-path Completed in 735ms
npm timing reifyNode:node_modules/glob-parent Completed in 734ms
npm timing reifyNode:node_modules/anymatch Completed in 734ms
npm timing reifyNode:node_modules/serialize-javascript Completed in 734ms
npm timing reifyNode:node_modules/find-up Completed in 735ms
npm timing reifyNode:node_modules/strip-json-comments Completed in 735ms
npm timing reifyNode:node_modules/is-unicode-supported Completed in 735ms
npm timing reifyNode:node_modules/js-message Completed in 736ms
npm timing reifyNode:node_modules/log-update Completed in 735ms
npm timing reifyNode:node_modules/cli-truncate Completed in 735ms
npm timing reifyNode:node_modules/is-path-inside Completed in 735ms
npm timing reifyNode:node_modules/global-dirs Completed in 735ms
npm timing reifyNode:node_modules/inherits Completed in 736ms
npm timing reifyNode:node_modules/p-map Completed in 736ms
npm timing reifyNode:node_modules/path-key Completed in 735ms
npm timing reifyNode:node_modules/mimic-fn Completed in 739ms
npm timing reifyNode:node_modules/onetime Completed in 736ms
npm timing reifyNode:node_modules/npm-run-path Completed in 736ms
npm timing reifyNode:node_modules/signal-exit Completed in 736ms
npm timing reifyNode:node_modules/strip-ansi Completed in 736ms
npm timing reifyNode:node_modules/get-stream Completed in 736ms
npm timing reifyNode:node_modules/file-type Completed in 736ms
npm timing reifyNode:node_modules/assert-plus Completed in 738ms
npm timing reifyNode:node_modules/restore-cursor Completed in 735ms
npm timing reifyNode:node_modules/ieee754 Completed in 735ms
npm timing reifyNode:node_modules/tunnel-agent Completed in 735ms
npm timing reifyNode:node_modules/forever-agent Completed in 734ms
npm timing reifyNode:node_modules/is-typedarray Completed in 735ms
npm timing reifyNode:node_modules/caseless Completed in 735ms
npm timing reifyNode:node_modules/aws-sign2 Completed in 735ms
npm timing reifyNode:node_modules/ospath Completed in 735ms
npm timing reifyNode:node_modules/untildify Completed in 736ms
npm timing reifyNode:node_modules/pretty-bytes Completed in 736ms
npm timing reifyNode:node_modules/is-installed-globally Completed in 736ms
npm timing reifyNode:node_modules/figures Completed in 735ms
npm timing reifyNode:node_modules/cli-cursor Completed in 736ms
npm timing reifyNode:node_modules/string-width Completed in 737ms
npm timing reifyNode:node_modules/supports-color Completed in 736ms
npm timing reifyNode:node_modules/temp-fs Completed in 736ms
npm timing reifyNode:node_modules/lodash.defaults Completed in 737ms
npm timing reifyNode:node_modules/windows-release Completed in 736ms
npm timing reifyNode:node_modules/git-repo-info Completed in 734ms
npm timing reifyNode:node_modules/gitconfiglocal Completed in 735ms
npm timing reifyNode:node_modules/cliui/node_modules/strip-ansi Completed in 752ms
npm timing reifyNode:node_modules/cacheable-request/node_modules/lowercase-keys Completed in 750ms
npm timing reifyNode:node_modules/yargs-unparser/node_modules/decamelize Completed in 745ms
npm timing reifyNode:node_modules/configstore/node_modules/make-dir Completed in 750ms
npm timing reifyNode:node_modules/got/node_modules/get-stream Completed in 751ms
npm timing reifyNode:node_modules/zip-stream/node_modules/archiver-utils Completed in 738ms
npm timing reifyNode:node_modules/execa/node_modules/is-stream Completed in 740ms
npm timing reifyNode:node_modules/yargs/node_modules/p-limit Completed in 740ms
npm timing reifyNode:node_modules/windows-release/node_modules/is-stream Completed in 741ms
npm timing reifyNode:node_modules/table/node_modules/strip-ansi Completed in 741ms
npm timing reifyNode:node_modules/yargs/node_modules/camelcase Completed in 742ms
npm timing reifyNode:node_modules/mocha/node_modules/supports-color Completed in 741ms
npm timing reifyNode:node_modules/cypress/node_modules/supports-color Completed in 740ms
npm timing reifyNode:node_modules/mocha/node_modules/escape-string-regexp Completed in 741ms
npm timing reifyNode:node_modules/yargs/node_modules/strip-ansi Completed in 743ms
npm timing reifyNode:node_modules/get-caller-file Completed in 759ms
npm timing reifyNode:node_modules/to-buffer Completed in 760ms
npm timing reifyNode:node_modules/cliui Completed in 759ms
npm timing reifyNode:node_modules/keyv Completed in 758ms
npm timing reifyNode:node_modules/defer-to-connect Completed in 759ms
npm timing reifyNode:node_modules/cacheable-request Completed in 758ms
npm timing reifyNode:node_modules/package-json Completed in 758ms
npm timing reifyNode:node_modules/cli-boxes Completed in 757ms
npm timing reifyNode:node_modules/write-file-atomic Completed in 758ms
npm timing reifyNode:node_modules/rimraf Completed in 756ms
npm timing reifyNode:node_modules/yallist Completed in 756ms
npm timing reifyNode:node_modules/util-deprecate Completed in 757ms
npm timing reifyNode:node_modules/string_decoder Completed in 757ms
npm timing reifyNode:node_modules/balanced-match Completed in 755ms
npm timing reifyNode:node_modules/yargs-unparser Completed in 756ms
npm timing reifyNode:node_modules/ansi-escapes Completed in 756ms
npm timing reifyNode:node_modules/fs.realpath Completed in 755ms
npm timing reifyNode:node_modules/jsonfile Completed in 755ms
npm timing reifyNode:node_modules/base64-js Completed in 753ms
npm timing reifyNode:node_modules/combined-stream Completed in 753ms
npm timing reifyNode:node_modules/log-symbols Completed in 753ms
npm timing reifyNode:node_modules/is-ci Completed in 753ms
npm timing reifyNode:node_modules/extract-zip Completed in 752ms
npm timing reifyNode:node_modules/arch Completed in 753ms
npm timing reifyNode:node_modules/ansi-styles Completed in 752ms
npm timing reifyNode:node_modules/lodash.difference Completed in 752ms
npm timing reifyNode:node_modules/lodash.union Completed in 753ms
npm timing reifyNode:node_modules/archiver-utils Completed in 752ms
npm timing reifyNode:node_modules/readdir-glob Completed in 752ms
npm timing reifyNode:node_modules/zip-stream Completed in 753ms
npm timing reifyNode:node_modules/update-notifier Completed in 751ms
npm timing reifyNode:node_modules/readdir-glob/node_modules/brace-expansion Completed in 753ms
npm timing reifyNode:node_modules/update-notifier/node_modules/is-ci Completed in 753ms
npm timing reifyNode:node_modules/mocha/node_modules/minimatch/node_modules/brace-expansion Completed in 753ms
npm timing reifyNode:node_modules/xtend Completed in 771ms
npm timing reifyNode:node_modules/pump Completed in 772ms
npm timing reifyNode:node_modules/stack-trace Completed in 771ms
npm timing reifyNode:node_modules/requires-port Completed in 770ms
npm timing reifyNode:node_modules/deep-extend Completed in 770ms
npm timing reifyNode:node_modules/http-cache-semantics Completed in 771ms
npm timing reifyNode:node_modules/boxen Completed in 769ms
npm timing reifyNode:node_modules/getpass Completed in 768ms
npm WARN deprecated har-validator@5.1.5: this library is no longer supported
npm timing reifyNode:node_modules/har-validator Completed in 769ms
npm timing reifyNode:node_modules/duplexer Completed in 768ms
npm timing reifyNode:node_modules/js-queue Completed in 768ms
npm timing reifyNode:node_modules/readdirp Completed in 768ms
npm timing reifyNode:node_modules/binary-extensions Completed in 769ms
npm timing reifyNode:node_modules/minimatch Completed in 767ms
npm timing reifyNode:node_modules/which Completed in 768ms
npm timing reifyNode:node_modules/delayed-stream Completed in 766ms
npm timing reifyNode:node_modules/mime-types Completed in 769ms
npm timing reifyNode:node_modules/cachedir Completed in 768ms
npm timing reifyNode:node_modules/ps-tree Completed in 768ms
npm timing reifyNode:node_modules/graceful-fs Completed in 769ms
npm timing reifyNode:node_modules/cliui/node_modules/color-name Completed in 784ms
npm timing reifyNode:node_modules/decompress-tar/node_modules/safe-buffer Completed in 774ms
npm timing reifyNode:node_modules/cacheable-request/node_modules/get-stream Completed in 783ms
npm timing reifyNode:node_modules/extract-zip/node_modules/get-stream Completed in 772ms
npm timing reifyNode:node_modules/execa/node_modules/get-stream Completed in 772ms
npm timing reifyNode:node_modules/lazystream/node_modules/string_decoder Completed in 771ms
npm timing reifyNode:node_modules/archiver-utils/node_modules/string_decoder Completed in 771ms
npm timing reifyNode:node_modules/decompress-tar/node_modules/string_decoder Completed in 776ms
npm timing reifyNode:node_modules/archiver-utils/node_modules/safe-buffer Completed in 771ms
npm timing reifyNode:node_modules/lazystream/node_modules/safe-buffer Completed in 772ms
npm timing reifyNode:node_modules/table/node_modules/color-name Completed in 770ms
npm timing reifyNode:node_modules/windows-release/node_modules/get-stream Completed in 771ms
npm timing reifyNode:node_modules/update-notifier/node_modules/ci-info Completed in 771ms
npm timing reifyNode:node_modules/mocha/node_modules/glob/node_modules/minimatch Completed in 770ms
npm timing reifyNode:node_modules/isarray Completed in 789ms
npm timing reifyNode:node_modules/crc32-stream Completed in 789ms
npm timing reifyNode:node_modules/require-directory Completed in 788ms
npm timing reifyNode:node_modules/typedarray-to-buffer Completed in 788ms
npm timing reifyNode:node_modules/eyes Completed in 789ms
npm timing reifyNode:node_modules/json-buffer Completed in 788ms
npm timing reifyNode:node_modules/registry-auth-token Completed in 787ms
npm timing reifyNode:node_modules/bcrypt-pbkdf Completed in 785ms
npm timing reifyNode:node_modules/throttleit Completed in 787ms
npm timing reifyNode:node_modules/randombytes Completed in 787ms
npm timing reifyNode:node_modules/stream-combiner Completed in 788ms
npm timing reifyNode:node_modules/pause-stream Completed in 788ms
npm timing reifyNode:node_modules/easy-stack Completed in 788ms
npm timing reifyNode:node_modules/colorette Completed in 786ms
npm timing reifyNode:node_modules/json-schema Completed in 787ms
npm timing reifyNode:node_modules/safe-buffer Completed in 785ms
npm timing reifyNode:node_modules/yauzl Completed in 784ms
npm timing reifyNode:node_modules/is-running Completed in 783ms
npm timing reifyNode:node_modules/tmp/node_modules/rimraf Completed in 787ms
npm timing reifyNode:node_modules/readdir-glob/node_modules/minimatch Completed in 785ms
npm timing reifyNode:node_modules/mocha/node_modules/minimatch Completed in 784ms
npm timing reifyNode:node_modules/cypress/node_modules/jsonfile Completed in 784ms
npm timing reifyNode:node_modules/core-util-is Completed in 800ms
npm timing reifyNode:node_modules/punycode Completed in 799ms
npm timing reifyNode:node_modules/from Completed in 797ms
npm timing reifyNode:node_modules/concat-map Completed in 797ms
npm timing reifyNode:node_modules/ci-info Completed in 797ms
npm timing reifyNode:node_modules/ansi-colors Completed in 797ms
npm timing reifyNode:node_modules/lazy-ass Completed in 794ms
npm timing reifyNode:node_modules/process Completed in 794ms
npm timing reifyNode:node_modules/debug Completed in 793ms
npm timing reifyNode:node_modules/color-convert Completed in 793ms
npm timing reifyNode:node_modules/cliui/node_modules/color-convert Completed in 813ms
npm timing reifyNode:node_modules/decompress-tar/node_modules/tar-stream Completed in 812ms
npm timing reifyNode:node_modules/table/node_modules/color-convert Completed in 808ms
npm timing reifyNode:node_modules/mocha/node_modules/ansi-colors Completed in 808ms
npm timing reifyNode:node_modules/flat Completed in 826ms
npm timing reifyNode:node_modules/isexe Completed in 826ms
npm timing reifyNode:node_modules/safer-buffer Completed in 823ms
npm timing reifyNode:node_modules/has-proto Completed in 823ms
npm timing reifyNode:node_modules/gopd Completed in 824ms
npm timing reifyNode:node_modules/jsprim Completed in 822ms
npm timing reifyNode:node_modules/extend Completed in 821ms
npm timing reifyNode:node_modules/isstream Completed in 822ms
npm timing reifyNode:node_modules/request-progress Completed in 822ms
npm timing reifyNode:node_modules/proxy-from-env Completed in 822ms
npm timing reifyNode:node_modules/aws4 Completed in 822ms
npm timing reifyNode:node_modules/decompress-tar/node_modules/bl Completed in 827ms
npm timing reifyNode:node_modules/request/node_modules/jsprim Completed in 822ms
npm timing reifyNode:node_modules/@sindresorhus/is Completed in 839ms
npm timing reifyNode:node_modules/escalade Completed in 843ms
npm timing reifyNode:node_modules/jsbn Completed in 838ms
npm timing reifyNode:node_modules/map-stream Completed in 840ms
npm timing reifyNode:node_modules/verror Completed in 842ms
npm timing reifyNode:node_modules/glob Completed in 835ms
npm timing reifyNode:node_modules/tmp Completed in 842ms
npm timing reifyNode:node_modules/tar-stream Completed in 839ms
npm timing reifyNode:node_modules/chalk Completed in 838ms
npm timing reifyNode:node_modules/yargs/node_modules/yargs-parser Completed in 840ms
npm timing reifyNode:node_modules/fd-slicer Completed in 860ms
npm timing reifyNode:node_modules/ecc-jsbn Completed in 855ms
npm timing reifyNode:node_modules/set-function-length Completed in 855ms
npm timing reifyNode:node_modules/emoji-regex Completed in 857ms
npm timing reifyNode:node_modules/event-pubsub Completed in 859ms
npm timing reifyNode:node_modules/extsprintf Completed in 858ms
npm timing reifyNode:node_modules/cross-spawn Completed in 858ms
npm timing reifyNode:node_modules/mocha/node_modules/glob Completed in 850ms
npm timing reifyNode:node_modules/json-stringify-safe Completed in 856ms
npm timing reifyNode:node_modules/semver-diff/node_modules/semver Completed in 867ms
npm timing reifyNode:node_modules/package-json/node_modules/semver Completed in 868ms
npm timing reifyNode:node_modules/configstore/node_modules/semver Completed in 867ms
npm timing reifyNode:node_modules/seek-bzip/node_modules/commander Completed in 861ms
npm timing reifyNode:node_modules/crc-32 Completed in 872ms
npm timing reifyNode:node_modules/url-parse Completed in 868ms
npm timing reifyNode:node_modules/has-property-descriptors Completed in 869ms
npm timing reifyNode:node_modules/json-schema-traverse Completed in 869ms
npm timing reifyNode:node_modules/buffer Completed in 863ms
npm timing reifyNode:node_modules/eventemitter2 Completed in 868ms
npm timing reifyNode:node_modules/cliui/node_modules/emoji-regex Completed in 883ms
npm timing reifyNode:node_modules/yargs/node_modules/emoji-regex Completed in 868ms
npm timing reifyNode:node_modules/@cypress/xvfb/node_modules/debug Completed in 870ms
npm timing reifyNode:node_modules/table/node_modules/emoji-regex Completed in 868ms
npm timing reifyNode:node_modules/asn1 Completed in 884ms
npm timing reifyNode:node_modules/call-bind Completed in 885ms
npm timing reifyNode:node_modules/hasown Completed in 886ms
npm timing reifyNode:node_modules/side-channel Completed in 886ms
npm timing reifyNode:node_modules/fast-deep-equal Completed in 886ms
npm timing reifyNode:node_modules/through Completed in 885ms
npm timing reifyNode:node_modules/rfdc Completed in 885ms
npm timing reifyNode:node_modules/http-signature Completed in 881ms
npm timing reifyNode:node_modules/lazystream Completed in 881ms
npm timing reifyNode:node_modules/check-more-types Completed in 882ms
npm timing reifyNode:node_modules/git-last-commit Completed in 879ms
npm timing reifyNode:node_modules/mocha/node_modules/cliui Completed in 879ms
npm timing reifyNode:node_modules/mkdirp Completed in 880ms
npm timing reifyNode:node_modules/dashdash Completed in 893ms
npm timing reifyNode:node_modules/get-intrinsic Completed in 892ms
npm timing reifyNode:node_modules/mocha/node_modules/y18n Completed in 881ms
npm timing reifyNode:node_modules/split Completed in 893ms
npm timing reifyNode:node_modules/rc Completed in 906ms
npm timing reifyNode:node_modules/fsevents Completed in 905ms
npm timing reifyNode:node_modules/braces Completed in 907ms
npm timing reifyNode:node_modules/he Completed in 908ms
npm timing reifyNode:node_modules/seek-bzip Completed in 906ms
npm timing reifyNode:node_modules/blob-util Completed in 903ms
npm timing reifyNode:node_modules/cli-table3 Completed in 904ms
npm timing reifyNode:node_modules/https-proxy-agent Completed in 903ms
npm timing reifyNode:node_modules/commander Completed in 905ms
npm timing reifyNode:node_modules/archiver Completed in 905ms
npm timing reifyNode:node_modules/bl Completed in 919ms
npm timing reifyNode:node_modules/execa Completed in 914ms
npm timing reifyNode:node_modules/requestretry Completed in 915ms
npm timing reifyNode:node_modules/agent-base Completed in 917ms
npm timing reifyNode:node_modules/request/node_modules/tough-cookie Completed in 916ms
npm timing reifyNode:node_modules/function-bind Completed in 928ms
npm timing reifyNode:node_modules/picomatch Completed in 928ms
npm timing reifyNode:node_modules/define-data-property Completed in 931ms
npm timing reifyNode:node_modules/chokidar Completed in 928ms
npm timing reifyNode:node_modules/argparse Completed in 929ms
npm timing reifyNode:node_modules/windows-release/node_modules/execa Completed in 923ms
npm timing reifyNode:node_modules/yargs-parser Completed in 933ms
npm timing reifyNode:node_modules/human-signals Completed in 932ms
npm timing reifyNode:node_modules/unbzip2-stream Completed in 932ms
npm timing reifyNode:node_modules/tough-cookie Completed in 930ms
npm timing reifyNode:node_modules/form-data Completed in 930ms
npm timing reifyNode:node_modules/request/node_modules/http-signature Completed in 927ms
npm timing reifyNode:node_modules/has-symbols Completed in 940ms
npm timing reifyNode:node_modules/mime-db Completed in 939ms
npm timing reifyNode:node_modules/winston/node_modules/async Completed in 935ms
npm timing reifyNode:node_modules/asynckit Completed in 950ms
npm timing reifyNode:node_modules/performance-now Completed in 949ms
npm timing reifyNode:node_modules/windows-release/node_modules/human-signals Completed in 946ms
npm http fetch POST 200 https://registry.npmjs.org/-/npm/v1/security/advisories/bulk 968ms
npm timing auditReport:getReport Completed in 972ms
npm timing metavuln:packument:request Completed in 0ms
npm timing metavuln:packument:tough-cookie Completed in 0ms
npm timing metavuln:packument:got Completed in 0ms
npm timing reifyNode:node_modules/fast-json-stable-stringify Completed in 962ms
npm timing reifyNode:node_modules/compress-commons Completed in 972ms
npm timing reifyNode:node_modules/event-stream Completed in 967ms
npm timing reifyNode:node_modules/getmac Completed in 959ms
npm WARN deprecated uuid@3.4.0: Please upgrade  to version 7 or higher.  Older versions may use Math.random() in certain circumstances, which is known to be problematic.  See https://v8.dev/blog/math-random for details.
npm timing reifyNode:node_modules/request/node_modules/uuid Completed in 962ms
npm timing reifyNode:node_modules/har-schema Completed in 974ms
npm timing reifyNode:node_modules/tslib Completed in 974ms
npm timing reifyNode:node_modules/tweetnacl Completed in 975ms
npm timing reifyNode:node_modules/browserstack-local Completed in 966ms
npm timing reifyNode:node_modules/got Completed in 983ms
npm timing reifyNode:node_modules/cli-progress Completed in 976ms
npm timing reifyNode:node_modules/@cypress/request Completed in 983ms
npm timing metavuln:cache:get:security-advisory:got:6RwqOtyKHRfIYfVtDkU86+jmAkm03OLYFGvOQUWcpuzfU8h8RNz3w5ZFTGeJ+8QNC0jGK3xFL9UvdqMN+kLCrg== Completed in 37ms
npm timing metavuln:load:security-advisory:got:1088948 Completed in 3ms
npm timing metavuln:calculate:security-advisory:got:1088948 Completed in 40ms
npm timing metavuln:cache:get:security-advisory:request:koWeGxnAvq4FABswDKpuz/5A9Fh4CEpyLScKR4Vcx8PqZAOQWapHQFcG4Z93jnNvMUUR00ZbC/YEgKSGkn+lcw== Completed in 42ms
npm timing metavuln:load:security-advisory:request:1092972 Completed in 1ms
npm timing metavuln:calculate:security-advisory:request:1092972 Completed in 43ms
npm timing metavuln:cache:get:security-advisory:tough-cookie:wWt7slzqumCOy+eBzh02NxczD2Ro629xuSO1o/Sam3nNJuHEhzggtsM/Z0K8BzRHAaxdURGMPCPOYGj4sGWquQ== Completed in 42ms
npm timing metavuln:load:security-advisory:tough-cookie:1095102 Completed in 1ms
npm timing metavuln:calculate:security-advisory:tough-cookie:1095102 Completed in 44ms
npm timing metavuln:packument:browserstack-cypress-cli Completed in 0ms
npm timing reifyNode:node_modules/nanoid Completed in 1010ms
npm timing reifyNode:node_modules/@colors/colors Completed in 1015ms
npm timing reifyNode:node_modules/minimist Completed in 1017ms
npm WARN deprecated request@2.88.2: request has been deprecated, see https://github.com/request/request/issues/3142
npm timing reifyNode:node_modules/request Completed in 1026ms
npm timing reifyNode:node_modules/request/node_modules/qs Completed in 1031ms
npm timing reifyNode:node_modules/decompress-tar/node_modules/readable-stream Completed in 1037ms
npm timing reifyNode:node_modules/lazystream/node_modules/readable-stream Completed in 1035ms
npm timing reifyNode:node_modules/archiver-utils/node_modules/readable-stream Completed in 1035ms
npm timing reifyNode:node_modules/qs Completed in 1043ms
npm timing metavuln:cache:get:security-advisory:browserstack-cypress-cli:G9MVTM6PD77lZUusxzKtnYdNLkeqZHiK+N27y64RzlTgY+0Tw8AxC7WngNv92sMc9R7+DFbJGAEAAJpmki894w== Completed in 47ms
npm timing metavuln:load:security-advisory:browserstack-cypress-cli:koWeGxnAvq4FABswDKpuz/5A9Fh4CEpyLScKR4Vcx8PqZAOQWapHQFcG4Z93jnNvMUUR00ZbC/YEgKSGkn+lcw== Completed in 0ms
npm timing metavuln:calculate:security-advisory:browserstack-cypress-cli:koWeGxnAvq4FABswDKpuz/5A9Fh4CEpyLScKR4Vcx8PqZAOQWapHQFcG4Z93jnNvMUUR00ZbC/YEgKSGkn+lcw== Completed in 49ms
npm timing reifyNode:node_modules/colors Completed in 1059ms
npm timing reifyNode:node_modules/readable-stream Completed in 1046ms
npm timing reifyNode:node_modules/psl Completed in 1060ms
npm timing reifyNode:node_modules/undici-types Completed in 1056ms
npm timing reifyNode:node_modules/object-inspect Completed in 1082ms
npm timing metavuln:cache:get:security-advisory:request:Erzn/uu5GltmIzlVH2xET0AjMA9EiKQoy9Utl+92FG+LNV4qQ5MLJK+eOYeZWn/mxYQZiP7kITHPIvOyY/MORA== Completed in 31ms
npm timing metavuln:load:security-advisory:request:wWt7slzqumCOy+eBzh02NxczD2Ro629xuSO1o/Sam3nNJuHEhzggtsM/Z0K8BzRHAaxdURGMPCPOYGj4sGWquQ== Completed in 1ms
npm timing metavuln:calculate:security-advisory:request:wWt7slzqumCOy+eBzh02NxczD2Ro629xuSO1o/Sam3nNJuHEhzggtsM/Z0K8BzRHAaxdURGMPCPOYGj4sGWquQ== Completed in 32ms
npm timing metavuln:packument:package-json Completed in 0ms
npm timing reifyNode:node_modules/workerpool Completed in 1094ms
npm timing reifyNode:node_modules/boxen/node_modules/type-fest Completed in 1107ms
npm timing reifyNode:node_modules/type-fest Completed in 1106ms
npm timing reifyNode:node_modules/winston Completed in 1100ms
npm timing metavuln:cache:get:security-advisory:package-json:cXSOzFEMMrNmriTdTGZCU6xykKZ0LsIH6Aen5R37rgyTgB4yHl2T+r1Q/nhFOu5TIllPmEKmLe6MLJw1CYwPAg== Completed in 27ms
npm timing metavuln:load:security-advisory:package-json:6RwqOtyKHRfIYfVtDkU86+jmAkm03OLYFGvOQUWcpuzfU8h8RNz3w5ZFTGeJ+8QNC0jGK3xFL9UvdqMN+kLCrg== Completed in 0ms
npm timing metavuln:calculate:security-advisory:package-json:6RwqOtyKHRfIYfVtDkU86+jmAkm03OLYFGvOQUWcpuzfU8h8RNz3w5ZFTGeJ+8QNC0jGK3xFL9UvdqMN+kLCrg== Completed in 29ms
npm timing metavuln:packument:latest-version Completed in 0ms
npm timing reifyNode:node_modules/yargs Completed in 1132ms
npm timing reifyNode:node_modules/sshpk Completed in 1145ms
npm timing reifyNode:node_modules/fs-extra Completed in 1139ms
npm timing reifyNode:node_modules/enquirer Completed in 1143ms
npm timing reifyNode:node_modules/semver Completed in 1144ms
npm timing metavuln:cache:get:security-advisory:latest-version:es7CtX39oUDG5qiC5N7RyNR+LcR5XTl5nZh1BTpAbdpM+BqpiWX17D0lUoxjGYIQa4jQBuPoFrAuzNJTTCSDUg== Completed in 30ms
npm timing metavuln:load:security-advisory:latest-version:cXSOzFEMMrNmriTdTGZCU6xykKZ0LsIH6Aen5R37rgyTgB4yHl2T+r1Q/nhFOu5TIllPmEKmLe6MLJw1CYwPAg== Completed in 0ms
npm timing metavuln:calculate:security-advisory:latest-version:cXSOzFEMMrNmriTdTGZCU6xykKZ0LsIH6Aen5R37rgyTgB4yHl2T+r1Q/nhFOu5TIllPmEKmLe6MLJw1CYwPAg== Completed in 30ms
npm timing metavuln:packument:update-notifier Completed in 0ms
npm timing reifyNode:node_modules/cypress/node_modules/fs-extra Completed in 1141ms
npm timing reifyNode:node_modules/diff Completed in 1163ms
npm timing reifyNode:node_modules/js-yaml Completed in 1165ms
npm timing metavuln:cache:get:security-advisory:update-notifier:1W+NgOc8MG4H++eU0nVeS4Jr5ZGEr7p7ogQburQL9BqPAbj8PXb1t86hoU3mJVGsXLXWwo8jBBlu8cExVphmMQ== Completed in 32ms
npm timing metavuln:load:security-advisory:update-notifier:es7CtX39oUDG5qiC5N7RyNR+LcR5XTl5nZh1BTpAbdpM+BqpiWX17D0lUoxjGYIQa4jQBuPoFrAuzNJTTCSDUg== Completed in 0ms
npm timing metavuln:calculate:security-advisory:update-notifier:es7CtX39oUDG5qiC5N7RyNR+LcR5XTl5nZh1BTpAbdpM+BqpiWX17D0lUoxjGYIQa4jQBuPoFrAuzNJTTCSDUg== Completed in 34ms
npm timing reifyNode:node_modules/getos Completed in 1184ms
npm timing metavuln:cache:get:security-advisory:browserstack-cypress-cli:+FEMxfcE3lpqc+Y4LF2YCQjTk60y1v0YFMbyhu2/Qvu09PrgY8fXyin5SS3+JD33IA33Y5JI7C4wFGfPblxxYA== Completed in 14ms
npm timing metavuln:load:security-advisory:browserstack-cypress-cli:1W+NgOc8MG4H++eU0nVeS4Jr5ZGEr7p7ogQburQL9BqPAbj8PXb1t86hoU3mJVGsXLXWwo8jBBlu8cExVphmMQ== Completed in 1ms
npm timing metavuln:calculate:security-advisory:browserstack-cypress-cli:1W+NgOc8MG4H++eU0nVeS4Jr5ZGEr7p7ogQburQL9BqPAbj8PXb1t86hoU3mJVGsXLXWwo8jBBlu8cExVphmMQ== Completed in 15ms
npm timing auditReport:init Completed in 243ms
npm timing reify:audit Completed in 1216ms
npm timing reifyNode:node_modules/uri-js Completed in 1207ms
npm timing reifyNode:node_modules/uuid Completed in 1200ms
npm timing reifyNode:node_modules/mocha/node_modules/yargs Completed in 1200ms
npm timing reifyNode:node_modules/bluebird Completed in 1206ms
npm timing reifyNode:node_modules/listr2 Completed in 1211ms
npm timing reifyNode:node_modules/table Completed in 1210ms
npm timing reifyNode:node_modules/node-ipc Completed in 1321ms
npm timing reifyNode:node_modules/ajv Completed in 1341ms
npm timing reifyNode:node_modules/async Completed in 1345ms
npm timing reifyNode:node_modules/common-tags Completed in 1350ms
npm timing reifyNode:node_modules/mocha Completed in 1380ms
npm timing reifyNode:node_modules/browserstack-cypress-cli Completed in 1392ms
npm timing reifyNode:node_modules/getmac/node_modules/@types/node Completed in 1486ms
npm timing reifyNode:node_modules/@types/node Completed in 1493ms
npm timing reifyNode:node_modules/dayjs Completed in 1583ms
npm timing reifyNode:node_modules/lodash Completed in 1812ms
npm timing reifyNode:node_modules/cypress Completed in 1902ms
npm timing reifyNode:node_modules/rxjs Completed in 2192ms
npm timing reify:unpack Completed in 2202ms
npm timing reify:unretire Completed in 1ms
npm timing build:queue Completed in 10ms
npm timing build:link:node_modules/request/node_modules/uuid Completed in 6ms
npm timing build:link:node_modules/configstore/node_modules/semver Completed in 7ms
npm timing build:link:node_modules/browserstack-cypress-cli Completed in 9ms
npm timing build:link:node_modules/crc-32 Completed in 9ms
npm timing build:link:node_modules/extract-zip Completed in 9ms
npm timing build:link:node_modules/flat Completed in 9ms
npm timing build:link:node_modules/he Completed in 9ms
npm timing build:link:node_modules/cypress Completed in 9ms
npm timing build:link:node_modules/is-ci Completed in 9ms
npm timing build:link:node_modules/nanoid Completed in 8ms
npm timing build:link:node_modules/semver-diff/node_modules/semver Completed in 7ms
npm timing build:link:node_modules/js-yaml Completed in 9ms
npm timing build:link:node_modules/mkdirp Completed in 10ms
npm timing build:link:node_modules/tmp/node_modules/rimraf Completed in 8ms
npm timing build:link:node_modules/package-json/node_modules/semver Completed in 8ms
npm timing build:link:node_modules/rimraf Completed in 9ms
npm timing build:link:node_modules/ps-tree Completed in 9ms
npm timing build:link:node_modules/update-notifier/node_modules/is-ci Completed in 8ms
npm timing build:link:node_modules/seek-bzip Completed in 9ms
npm timing build:link:node_modules/mocha Completed in 9ms
npm timing build:link:node_modules/semver Completed in 10ms
npm timing build:link:node_modules/rc Completed in 10ms
npm timing build:link:node_modules/sshpk Completed in 10ms
npm timing build:link:node_modules/which Completed in 9ms
npm timing build:link:node_modules/uuid Completed in 9ms
npm timing build:link Completed in 12ms
npm info run cypress@13.6.2 postinstall node_modules/cypress node index.js --exec install
npm info run cypress@13.6.2 postinstall { code: 0, signal: null }
npm timing build:run:postinstall:node_modules/cypress Completed in 344ms
npm timing build:run:postinstall Completed in 345ms
npm timing build:deps Completed in 368ms
npm timing build Completed in 368ms
npm timing reify:build Completed in 369ms
npm timing reify:trash Completed in 0ms
npm timing reify:save Completed in 35ms
npm timing reify Completed in 3620ms

added 450 packages, and audited 451 packages in 4s

66 packages are looking for funding
  run `npm fund` for details

7 moderate severity vulnerabilities

To address all issues (including breaking changes), run:
  npm audit fix --force

Run `npm audit` for details.
npm timing command:install Completed in 3634ms
npm verb exit 0
npm timing npm Completed in 3813ms
npm info ok 
